{"/app/src/app.js": {"path":"/app/src/app.js","statementMap":{"0":{"start":{"line":1,"column":16},"end":{"line":1,"column":34}},"1":{"start":{"line":2,"column":13},"end":{"line":2,"column":28}},"2":{"start":{"line":4,"column":21},"end":{"line":4,"column":54}},"3":{"start":{"line":5,"column":19},"end":{"line":5,"column":50}},"4":{"start":{"line":6,"column":25},"end":{"line":6,"column":55}},"5":{"start":{"line":7,"column":20},"end":{"line":7,"column":45}},"6":{"start":{"line":8,"column":24},"end":{"line":8,"column":53}},"7":{"start":{"line":9,"column":24},"end":{"line":9,"column":53}},"8":{"start":{"line":10,"column":24},"end":{"line":10,"column":53}},"9":{"start":{"line":11,"column":24},"end":{"line":11,"column":65}},"10":{"start":{"line":13,"column":12},"end":{"line":13,"column":21}},"11":{"start":{"line":15,"column":0},"end":{"line":15,"column":16}},"12":{"start":{"line":16,"column":0},"end":{"line":16,"column":24}},"13":{"start":{"line":18,"column":0},"end":{"line":18,"column":61}},"14":{"start":{"line":18,"column":33},"end":{"line":18,"column":59}},"15":{"start":{"line":20,"column":0},"end":{"line":20,"column":37}},"16":{"start":{"line":21,"column":0},"end":{"line":21,"column":33}},"17":{"start":{"line":22,"column":0},"end":{"line":22,"column":45}},"18":{"start":{"line":23,"column":0},"end":{"line":23,"column":35}},"19":{"start":{"line":24,"column":0},"end":{"line":24,"column":44}},"20":{"start":{"line":25,"column":0},"end":{"line":25,"column":43}},"21":{"start":{"line":26,"column":0},"end":{"line":26,"column":43}},"22":{"start":{"line":29,"column":0},"end":{"line":29,"column":25}},"23":{"start":{"line":31,"column":0},"end":{"line":31,"column":21}}},"fnMap":{"0":{"name":"(anonymous_0)","decl":{"start":{"line":18,"column":19},"end":{"line":18,"column":20}},"loc":{"start":{"line":18,"column":33},"end":{"line":18,"column":59}},"line":18}},"branchMap":{},"s":{"0":5,"1":5,"2":5,"3":5,"4":5,"5":5,"6":5,"7":5,"8":5,"9":5,"10":5,"11":5,"12":5,"13":5,"14":0,"15":5,"16":5,"17":5,"18":5,"19":5,"20":5,"21":5,"22":5,"23":5},"f":{"0":0},"b":{},"_coverageSchema":"1a1c01bbd47fc00a2c39e90264f33305004495a9","hash":"bcb62c1801e01b46781b9254a56a6952e3e446d3"}
,"/app/src/controllers/activity.controller.js": {"path":"/app/src/controllers/activity.controller.js","statementMap":{"0":{"start":{"line":1,"column":21},"end":{"line":1,"column":53}},"1":{"start":{"line":2,"column":24},"end":{"line":2,"column":63}},"2":{"start":{"line":3,"column":24},"end":{"line":3,"column":62}},"3":{"start":{"line":4,"column":17},"end":{"line":4,"column":45}},"4":{"start":{"line":7,"column":30},"end":{"line":45,"column":1}},"5":{"start":{"line":8,"column":19},"end":{"line":8,"column":21}},"6":{"start":{"line":9,"column":109},"end":{"line":9,"column":117}},"7":{"start":{"line":11,"column":4},"end":{"line":18,"column":5}},"8":{"start":{"line":12,"column":8},"end":{"line":12,"column":80}},"9":{"start":{"line":14,"column":27},"end":{"line":14,"column":96}},"10":{"start":{"line":15,"column":8},"end":{"line":17,"column":9}},"11":{"start":{"line":16,"column":12},"end":{"line":16,"column":113}},"12":{"start":{"line":20,"column":4},"end":{"line":22,"column":5}},"13":{"start":{"line":21,"column":8},"end":{"line":21,"column":102}},"14":{"start":{"line":24,"column":4},"end":{"line":26,"column":5}},"15":{"start":{"line":25,"column":8},"end":{"line":25,"column":90}},"16":{"start":{"line":28,"column":4},"end":{"line":30,"column":5}},"17":{"start":{"line":29,"column":8},"end":{"line":29,"column":98}},"18":{"start":{"line":32,"column":4},"end":{"line":34,"column":5}},"19":{"start":{"line":33,"column":8},"end":{"line":33,"column":80}},"20":{"start":{"line":36,"column":4},"end":{"line":38,"column":5}},"21":{"start":{"line":37,"column":8},"end":{"line":37,"column":94}},"22":{"start":{"line":40,"column":4},"end":{"line":42,"column":5}},"23":{"start":{"line":41,"column":8},"end":{"line":41,"column":94}},"24":{"start":{"line":44,"column":4},"end":{"line":44,"column":18}},"25":{"start":{"line":48,"column":27},"end":{"line":82,"column":1}},"26":{"start":{"line":49,"column":19},"end":{"line":49,"column":21}},"27":{"start":{"line":50,"column":60},"end":{"line":50,"column":69}},"28":{"start":{"line":52,"column":4},"end":{"line":54,"column":5}},"29":{"start":{"line":53,"column":8},"end":{"line":53,"column":79}},"30":{"start":{"line":56,"column":4},"end":{"line":58,"column":5}},"31":{"start":{"line":57,"column":8},"end":{"line":57,"column":80}},"32":{"start":{"line":60,"column":4},"end":{"line":65,"column":5}},"33":{"start":{"line":61,"column":27},"end":{"line":61,"column":96}},"34":{"start":{"line":62,"column":8},"end":{"line":64,"column":9}},"35":{"start":{"line":63,"column":12},"end":{"line":63,"column":113}},"36":{"start":{"line":67,"column":4},"end":{"line":72,"column":5}},"37":{"start":{"line":68,"column":21},"end":{"line":68,"column":39}},"38":{"start":{"line":69,"column":8},"end":{"line":71,"column":9}},"39":{"start":{"line":70,"column":12},"end":{"line":70,"column":89}},"40":{"start":{"line":74,"column":4},"end":{"line":79,"column":5}},"41":{"start":{"line":75,"column":21},"end":{"line":75,"column":37}},"42":{"start":{"line":76,"column":8},"end":{"line":78,"column":9}},"43":{"start":{"line":77,"column":12},"end":{"line":77,"column":85}},"44":{"start":{"line":81,"column":4},"end":{"line":81,"column":18}},"45":{"start":{"line":88,"column":0},"end":{"line":108,"column":3}},"46":{"start":{"line":89,"column":19},"end":{"line":89,"column":42}},"47":{"start":{"line":90,"column":4},"end":{"line":92,"column":5}},"48":{"start":{"line":91,"column":8},"end":{"line":91,"column":60}},"49":{"start":{"line":94,"column":69},"end":{"line":94,"column":78}},"50":{"start":{"line":95,"column":19},"end":{"line":101,"column":6}},"51":{"start":{"line":103,"column":4},"end":{"line":107,"column":7}},"52":{"start":{"line":114,"column":0},"end":{"line":131,"column":3}},"53":{"start":{"line":115,"column":19},"end":{"line":115,"column":45}},"54":{"start":{"line":116,"column":4},"end":{"line":118,"column":5}},"55":{"start":{"line":117,"column":8},"end":{"line":117,"column":60}},"56":{"start":{"line":120,"column":21},"end":{"line":120,"column":84}},"57":{"start":{"line":123,"column":4},"end":{"line":125,"column":7}},"58":{"start":{"line":124,"column":8},"end":{"line":124,"column":63}},"59":{"start":{"line":127,"column":4},"end":{"line":130,"column":7}},"60":{"start":{"line":137,"column":0},"end":{"line":150,"column":3}},"61":{"start":{"line":138,"column":19},"end":{"line":138,"column":29}},"62":{"start":{"line":140,"column":4},"end":{"line":142,"column":5}},"63":{"start":{"line":141,"column":8},"end":{"line":141,"column":55}},"64":{"start":{"line":144,"column":21},"end":{"line":144,"column":87}},"65":{"start":{"line":146,"column":4},"end":{"line":149,"column":7}},"66":{"start":{"line":156,"column":0},"end":{"line":175,"column":3}},"67":{"start":{"line":157,"column":19},"end":{"line":157,"column":29}},"68":{"start":{"line":159,"column":4},"end":{"line":161,"column":5}},"69":{"start":{"line":160,"column":8},"end":{"line":160,"column":55}},"70":{"start":{"line":164,"column":19},"end":{"line":164,"column":60}},"71":{"start":{"line":165,"column":4},"end":{"line":167,"column":5}},"72":{"start":{"line":166,"column":8},"end":{"line":166,"column":60}},"73":{"start":{"line":169,"column":21},"end":{"line":169,"column":96}},"74":{"start":{"line":171,"column":4},"end":{"line":174,"column":7}},"75":{"start":{"line":181,"column":0},"end":{"line":194,"column":3}},"76":{"start":{"line":182,"column":19},"end":{"line":182,"column":29}},"77":{"start":{"line":184,"column":4},"end":{"line":186,"column":5}},"78":{"start":{"line":185,"column":8},"end":{"line":185,"column":55}},"79":{"start":{"line":188,"column":19},"end":{"line":188,"column":84}},"80":{"start":{"line":190,"column":4},"end":{"line":193,"column":7}},"81":{"start":{"line":200,"column":0},"end":{"line":227,"column":3}},"82":{"start":{"line":201,"column":33},"end":{"line":201,"column":42}},"83":{"start":{"line":204,"column":4},"end":{"line":209,"column":5}},"84":{"start":{"line":205,"column":21},"end":{"line":205,"column":39}},"85":{"start":{"line":206,"column":8},"end":{"line":208,"column":9}},"86":{"start":{"line":207,"column":12},"end":{"line":207,"column":123}},"87":{"start":{"line":211,"column":4},"end":{"line":216,"column":5}},"88":{"start":{"line":212,"column":21},"end":{"line":212,"column":37}},"89":{"start":{"line":213,"column":8},"end":{"line":215,"column":9}},"90":{"start":{"line":214,"column":12},"end":{"line":214,"column":119}},"91":{"start":{"line":218,"column":18},"end":{"line":221,"column":6}},"92":{"start":{"line":223,"column":4},"end":{"line":226,"column":7}}},"fnMap":{"0":{"name":"(anonymous_0)","decl":{"start":{"line":7,"column":30},"end":{"line":7,"column":31}},"loc":{"start":{"line":7,"column":39},"end":{"line":45,"column":1}},"line":7},"1":{"name":"(anonymous_1)","decl":{"start":{"line":48,"column":27},"end":{"line":48,"column":28}},"loc":{"start":{"line":48,"column":36},"end":{"line":82,"column":1}},"line":48},"2":{"name":"(anonymous_2)","decl":{"start":{"line":88,"column":28},"end":{"line":88,"column":29}},"loc":{"start":{"line":88,"column":48},"end":{"line":108,"column":1}},"line":88},"3":{"name":"(anonymous_3)","decl":{"start":{"line":114,"column":30},"end":{"line":114,"column":31}},"loc":{"start":{"line":114,"column":50},"end":{"line":131,"column":1}},"line":114},"4":{"name":"(anonymous_4)","decl":{"start":{"line":123,"column":60},"end":{"line":123,"column":61}},"loc":{"start":{"line":123,"column":67},"end":{"line":125,"column":5}},"line":123},"5":{"name":"(anonymous_5)","decl":{"start":{"line":137,"column":31},"end":{"line":137,"column":32}},"loc":{"start":{"line":137,"column":51},"end":{"line":150,"column":1}},"line":137},"6":{"name":"(anonymous_6)","decl":{"start":{"line":156,"column":30},"end":{"line":156,"column":31}},"loc":{"start":{"line":156,"column":50},"end":{"line":175,"column":1}},"line":156},"7":{"name":"(anonymous_7)","decl":{"start":{"line":181,"column":30},"end":{"line":181,"column":31}},"loc":{"start":{"line":181,"column":50},"end":{"line":194,"column":1}},"line":181},"8":{"name":"(anonymous_8)","decl":{"start":{"line":200,"column":32},"end":{"line":200,"column":33}},"loc":{"start":{"line":200,"column":52},"end":{"line":227,"column":1}},"line":200}},"branchMap":{"0":{"loc":{"start":{"line":11,"column":4},"end":{"line":18,"column":5}},"type":"if","locations":[{"start":{"line":11,"column":4},"end":{"line":18,"column":5}},{"start":{"line":13,"column":11},"end":{"line":18,"column":5}}],"line":11},"1":{"loc":{"start":{"line":15,"column":8},"end":{"line":17,"column":9}},"type":"if","locations":[{"start":{"line":15,"column":8},"end":{"line":17,"column":9}},{"start":{},"end":{}}],"line":15},"2":{"loc":{"start":{"line":20,"column":4},"end":{"line":22,"column":5}},"type":"if","locations":[{"start":{"line":20,"column":4},"end":{"line":22,"column":5}},{"start":{},"end":{}}],"line":20},"3":{"loc":{"start":{"line":20,"column":8},"end":{"line":20,"column":87}},"type":"binary-expr","locations":[{"start":{"line":20,"column":8},"end":{"line":20,"column":24}},{"start":{"line":20,"column":28},"end":{"line":20,"column":63}},{"start":{"line":20,"column":67},"end":{"line":20,"column":87}}],"line":20},"4":{"loc":{"start":{"line":24,"column":4},"end":{"line":26,"column":5}},"type":"if","locations":[{"start":{"line":24,"column":4},"end":{"line":26,"column":5}},{"start":{},"end":{}}],"line":24},"5":{"loc":{"start":{"line":24,"column":8},"end":{"line":24,"column":86}},"type":"binary-expr","locations":[{"start":{"line":24,"column":8},"end":{"line":24,"column":32}},{"start":{"line":24,"column":37},"end":{"line":24,"column":67}},{"start":{"line":24,"column":71},"end":{"line":24,"column":85}}],"line":24},"6":{"loc":{"start":{"line":28,"column":4},"end":{"line":30,"column":5}},"type":"if","locations":[{"start":{"line":28,"column":4},"end":{"line":30,"column":5}},{"start":{},"end":{}}],"line":28},"7":{"loc":{"start":{"line":28,"column":8},"end":{"line":28,"column":98}},"type":"binary-expr","locations":[{"start":{"line":28,"column":8},"end":{"line":28,"column":36}},{"start":{"line":28,"column":41},"end":{"line":28,"column":75}},{"start":{"line":28,"column":79},"end":{"line":28,"column":97}}],"line":28},"8":{"loc":{"start":{"line":32,"column":4},"end":{"line":34,"column":5}},"type":"if","locations":[{"start":{"line":32,"column":4},"end":{"line":34,"column":5}},{"start":{},"end":{}}],"line":32},"9":{"loc":{"start":{"line":32,"column":8},"end":{"line":32,"column":71}},"type":"binary-expr","locations":[{"start":{"line":32,"column":8},"end":{"line":32,"column":27}},{"start":{"line":32,"column":32},"end":{"line":32,"column":57}},{"start":{"line":32,"column":61},"end":{"line":32,"column":70}}],"line":32},"10":{"loc":{"start":{"line":36,"column":4},"end":{"line":38,"column":5}},"type":"if","locations":[{"start":{"line":36,"column":4},"end":{"line":38,"column":5}},{"start":{},"end":{}}],"line":36},"11":{"loc":{"start":{"line":36,"column":8},"end":{"line":36,"column":116}},"type":"binary-expr","locations":[{"start":{"line":36,"column":8},"end":{"line":36,"column":34}},{"start":{"line":36,"column":39},"end":{"line":36,"column":71}},{"start":{"line":36,"column":75},"end":{"line":36,"column":92}},{"start":{"line":36,"column":96},"end":{"line":36,"column":115}}],"line":36},"12":{"loc":{"start":{"line":40,"column":4},"end":{"line":42,"column":5}},"type":"if","locations":[{"start":{"line":40,"column":4},"end":{"line":42,"column":5}},{"start":{},"end":{}}],"line":40},"13":{"loc":{"start":{"line":40,"column":8},"end":{"line":40,"column":116}},"type":"binary-expr","locations":[{"start":{"line":40,"column":8},"end":{"line":40,"column":34}},{"start":{"line":40,"column":39},"end":{"line":40,"column":71}},{"start":{"line":40,"column":75},"end":{"line":40,"column":92}},{"start":{"line":40,"column":96},"end":{"line":40,"column":115}}],"line":40},"14":{"loc":{"start":{"line":52,"column":4},"end":{"line":54,"column":5}},"type":"if","locations":[{"start":{"line":52,"column":4},"end":{"line":54,"column":5}},{"start":{},"end":{}}],"line":52},"15":{"loc":{"start":{"line":52,"column":8},"end":{"line":52,"column":49}},"type":"binary-expr","locations":[{"start":{"line":52,"column":8},"end":{"line":52,"column":12}},{"start":{"line":52,"column":17},"end":{"line":52,"column":28}},{"start":{"line":52,"column":32},"end":{"line":52,"column":48}}],"line":52},"16":{"loc":{"start":{"line":56,"column":4},"end":{"line":58,"column":5}},"type":"if","locations":[{"start":{"line":56,"column":4},"end":{"line":58,"column":5}},{"start":{},"end":{}}],"line":56},"17":{"loc":{"start":{"line":56,"column":8},"end":{"line":56,"column":75}},"type":"binary-expr","locations":[{"start":{"line":56,"column":8},"end":{"line":56,"column":13}},{"start":{"line":56,"column":18},"end":{"line":56,"column":30}},{"start":{"line":56,"column":34},"end":{"line":56,"column":51}},{"start":{"line":56,"column":55},"end":{"line":56,"column":74}}],"line":56},"18":{"loc":{"start":{"line":60,"column":4},"end":{"line":65,"column":5}},"type":"if","locations":[{"start":{"line":60,"column":4},"end":{"line":65,"column":5}},{"start":{},"end":{}}],"line":60},"19":{"loc":{"start":{"line":62,"column":8},"end":{"line":64,"column":9}},"type":"if","locations":[{"start":{"line":62,"column":8},"end":{"line":64,"column":9}},{"start":{},"end":{}}],"line":62},"20":{"loc":{"start":{"line":67,"column":4},"end":{"line":72,"column":5}},"type":"if","locations":[{"start":{"line":67,"column":4},"end":{"line":72,"column":5}},{"start":{},"end":{}}],"line":67},"21":{"loc":{"start":{"line":69,"column":8},"end":{"line":71,"column":9}},"type":"if","locations":[{"start":{"line":69,"column":8},"end":{"line":71,"column":9}},{"start":{},"end":{}}],"line":69},"22":{"loc":{"start":{"line":74,"column":4},"end":{"line":79,"column":5}},"type":"if","locations":[{"start":{"line":74,"column":4},"end":{"line":79,"column":5}},{"start":{},"end":{}}],"line":74},"23":{"loc":{"start":{"line":76,"column":8},"end":{"line":78,"column":9}},"type":"if","locations":[{"start":{"line":76,"column":8},"end":{"line":78,"column":9}},{"start":{},"end":{}}],"line":76},"24":{"loc":{"start":{"line":90,"column":4},"end":{"line":92,"column":5}},"type":"if","locations":[{"start":{"line":90,"column":4},"end":{"line":92,"column":5}},{"start":{},"end":{}}],"line":90},"25":{"loc":{"start":{"line":94,"column":12},"end":{"line":94,"column":20}},"type":"default-arg","locations":[{"start":{"line":94,"column":19},"end":{"line":94,"column":20}}],"line":94},"26":{"loc":{"start":{"line":94,"column":22},"end":{"line":94,"column":32}},"type":"default-arg","locations":[{"start":{"line":94,"column":30},"end":{"line":94,"column":32}}],"line":94},"27":{"loc":{"start":{"line":98,"column":22},"end":{"line":98,"column":42}},"type":"binary-expr","locations":[{"start":{"line":98,"column":22},"end":{"line":98,"column":34}},{"start":{"line":98,"column":38},"end":{"line":98,"column":42}}],"line":98},"28":{"loc":{"start":{"line":99,"column":18},"end":{"line":99,"column":34}},"type":"binary-expr","locations":[{"start":{"line":99,"column":18},"end":{"line":99,"column":26}},{"start":{"line":99,"column":30},"end":{"line":99,"column":34}}],"line":99},"29":{"loc":{"start":{"line":100,"column":16},"end":{"line":100,"column":30}},"type":"binary-expr","locations":[{"start":{"line":100,"column":16},"end":{"line":100,"column":22}},{"start":{"line":100,"column":26},"end":{"line":100,"column":30}}],"line":100},"30":{"loc":{"start":{"line":116,"column":4},"end":{"line":118,"column":5}},"type":"if","locations":[{"start":{"line":116,"column":4},"end":{"line":118,"column":5}},{"start":{},"end":{}}],"line":116},"31":{"loc":{"start":{"line":140,"column":4},"end":{"line":142,"column":5}},"type":"if","locations":[{"start":{"line":140,"column":4},"end":{"line":142,"column":5}},{"start":{},"end":{}}],"line":140},"32":{"loc":{"start":{"line":140,"column":8},"end":{"line":140,"column":24}},"type":"binary-expr","locations":[{"start":{"line":140,"column":8},"end":{"line":140,"column":11}},{"start":{"line":140,"column":15},"end":{"line":140,"column":24}}],"line":140},"33":{"loc":{"start":{"line":159,"column":4},"end":{"line":161,"column":5}},"type":"if","locations":[{"start":{"line":159,"column":4},"end":{"line":161,"column":5}},{"start":{},"end":{}}],"line":159},"34":{"loc":{"start":{"line":159,"column":8},"end":{"line":159,"column":24}},"type":"binary-expr","locations":[{"start":{"line":159,"column":8},"end":{"line":159,"column":11}},{"start":{"line":159,"column":15},"end":{"line":159,"column":24}}],"line":159},"35":{"loc":{"start":{"line":165,"column":4},"end":{"line":167,"column":5}},"type":"if","locations":[{"start":{"line":165,"column":4},"end":{"line":167,"column":5}},{"start":{},"end":{}}],"line":165},"36":{"loc":{"start":{"line":184,"column":4},"end":{"line":186,"column":5}},"type":"if","locations":[{"start":{"line":184,"column":4},"end":{"line":186,"column":5}},{"start":{},"end":{}}],"line":184},"37":{"loc":{"start":{"line":184,"column":8},"end":{"line":184,"column":24}},"type":"binary-expr","locations":[{"start":{"line":184,"column":8},"end":{"line":184,"column":11}},{"start":{"line":184,"column":15},"end":{"line":184,"column":24}}],"line":184},"38":{"loc":{"start":{"line":204,"column":4},"end":{"line":209,"column":5}},"type":"if","locations":[{"start":{"line":204,"column":4},"end":{"line":209,"column":5}},{"start":{},"end":{}}],"line":204},"39":{"loc":{"start":{"line":206,"column":8},"end":{"line":208,"column":9}},"type":"if","locations":[{"start":{"line":206,"column":8},"end":{"line":208,"column":9}},{"start":{},"end":{}}],"line":206},"40":{"loc":{"start":{"line":211,"column":4},"end":{"line":216,"column":5}},"type":"if","locations":[{"start":{"line":211,"column":4},"end":{"line":216,"column":5}},{"start":{},"end":{}}],"line":211},"41":{"loc":{"start":{"line":213,"column":8},"end":{"line":215,"column":9}},"type":"if","locations":[{"start":{"line":213,"column":8},"end":{"line":215,"column":9}},{"start":{},"end":{}}],"line":213},"42":{"loc":{"start":{"line":219,"column":18},"end":{"line":219,"column":34}},"type":"binary-expr","locations":[{"start":{"line":219,"column":18},"end":{"line":219,"column":26}},{"start":{"line":219,"column":30},"end":{"line":219,"column":34}}],"line":219},"43":{"loc":{"start":{"line":220,"column":16},"end":{"line":220,"column":30}},"type":"binary-expr","locations":[{"start":{"line":220,"column":16},"end":{"line":220,"column":22}},{"start":{"line":220,"column":26},"end":{"line":220,"column":30}}],"line":220}},"s":{"0":5,"1":5,"2":5,"3":5,"4":5,"5":24,"6":24,"7":24,"8":0,"9":24,"10":24,"11":1,"12":24,"13":1,"14":24,"15":0,"16":24,"17":0,"18":24,"19":0,"20":24,"21":0,"22":24,"23":0,"24":24,"25":5,"26":6,"27":6,"28":6,"29":0,"30":6,"31":0,"32":6,"33":1,"34":1,"35":0,"36":6,"37":0,"38":0,"39":0,"40":6,"41":0,"42":0,"43":0,"44":6,"45":5,"46":6,"47":6,"48":0,"49":6,"50":6,"51":6,"52":5,"53":22,"54":22,"55":2,"56":20,"57":20,"58":0,"59":20,"60":5,"61":2,"62":2,"63":0,"64":2,"65":0,"66":5,"67":2,"68":2,"69":0,"70":2,"71":2,"72":0,"73":2,"74":1,"75":5,"76":2,"77":2,"78":0,"79":2,"80":1,"81":5,"82":0,"83":0,"84":0,"85":0,"86":0,"87":0,"88":0,"89":0,"90":0,"91":0,"92":0},"f":{"0":24,"1":6,"2":6,"3":22,"4":0,"5":2,"6":2,"7":2,"8":0},"b":{"0":[0,24],"1":[1,23],"2":[1,23],"3":[24,24,24],"4":[0,24],"5":[24,22,22],"6":[0,24],"7":[24,23,23],"8":[0,24],"9":[24,0,0],"10":[0,24],"11":[24,0,0,0],"12":[0,24],"13":[24,0,0,0],"14":[0,6],"15":[6,2,2],"16":[0,6],"17":[6,2,2,2],"18":[1,5],"19":[0,1],"20":[0,6],"21":[0,0],"22":[0,6],"23":[0,0],"24":[0,6],"25":[4],"26":[4],"27":[6,5],"28":[6,6],"29":[6,6],"30":[2,20],"31":[0,2],"32":[2,2],"33":[0,2],"34":[2,2],"35":[0,2],"36":[0,2],"37":[2,2],"38":[0,0],"39":[0,0],"40":[0,0],"41":[0,0],"42":[0,0],"43":[0,0]},"_coverageSchema":"1a1c01bbd47fc00a2c39e90264f33305004495a9","hash":"4f2a8f43e3cf64f467402203f76ab632e44f432a"}
,"/app/src/controllers/analytics.controller.js": {"path":"/app/src/controllers/analytics.controller.js","statementMap":{"0":{"start":{"line":1,"column":21},"end":{"line":1,"column":53}},"1":{"start":{"line":2,"column":25},"end":{"line":2,"column":65}},"2":{"start":{"line":3,"column":17},"end":{"line":3,"column":45}},"3":{"start":{"line":9,"column":0},"end":{"line":32,"column":3}},"4":{"start":{"line":10,"column":31},"end":{"line":10,"column":40}},"5":{"start":{"line":12,"column":4},"end":{"line":14,"column":5}},"6":{"start":{"line":13,"column":8},"end":{"line":13,"column":130}},"7":{"start":{"line":16,"column":25},"end":{"line":16,"column":95}},"8":{"start":{"line":17,"column":4},"end":{"line":19,"column":5}},"9":{"start":{"line":18,"column":8},"end":{"line":18,"column":94}},"10":{"start":{"line":21,"column":22},"end":{"line":21,"column":52}},"11":{"start":{"line":22,"column":4},"end":{"line":24,"column":5}},"12":{"start":{"line":23,"column":8},"end":{"line":23,"column":68}},"13":{"start":{"line":26,"column":19},"end":{"line":26,"column":87}},"14":{"start":{"line":28,"column":4},"end":{"line":31,"column":7}},"15":{"start":{"line":38,"column":0},"end":{"line":45,"column":3}},"16":{"start":{"line":39,"column":24},"end":{"line":39,"column":78}},"17":{"start":{"line":41,"column":4},"end":{"line":44,"column":7}},"18":{"start":{"line":51,"column":0},"end":{"line":58,"column":3}},"19":{"start":{"line":52,"column":25},"end":{"line":52,"column":80}},"20":{"start":{"line":54,"column":4},"end":{"line":57,"column":7}},"21":{"start":{"line":64,"column":0},"end":{"line":71,"column":3}},"22":{"start":{"line":65,"column":20},"end":{"line":65,"column":76}},"23":{"start":{"line":67,"column":4},"end":{"line":70,"column":7}}},"fnMap":{"0":{"name":"(anonymous_0)","decl":{"start":{"line":9,"column":33},"end":{"line":9,"column":34}},"loc":{"start":{"line":9,"column":53},"end":{"line":32,"column":1}},"line":9},"1":{"name":"(anonymous_1)","decl":{"start":{"line":38,"column":38},"end":{"line":38,"column":39}},"loc":{"start":{"line":38,"column":58},"end":{"line":45,"column":1}},"line":38},"2":{"name":"(anonymous_2)","decl":{"start":{"line":51,"column":39},"end":{"line":51,"column":40}},"loc":{"start":{"line":51,"column":59},"end":{"line":58,"column":1}},"line":51},"3":{"name":"(anonymous_3)","decl":{"start":{"line":64,"column":40},"end":{"line":64,"column":41}},"loc":{"start":{"line":64,"column":60},"end":{"line":71,"column":1}},"line":64}},"branchMap":{"0":{"loc":{"start":{"line":12,"column":4},"end":{"line":14,"column":5}},"type":"if","locations":[{"start":{"line":12,"column":4},"end":{"line":14,"column":5}},{"start":{},"end":{}}],"line":12},"1":{"loc":{"start":{"line":17,"column":4},"end":{"line":19,"column":5}},"type":"if","locations":[{"start":{"line":17,"column":4},"end":{"line":19,"column":5}},{"start":{},"end":{}}],"line":17},"2":{"loc":{"start":{"line":21,"column":22},"end":{"line":21,"column":52}},"type":"cond-expr","locations":[{"start":{"line":21,"column":31},"end":{"line":21,"column":47}},{"start":{"line":21,"column":50},"end":{"line":21,"column":52}}],"line":21},"3":{"loc":{"start":{"line":22,"column":4},"end":{"line":24,"column":5}},"type":"if","locations":[{"start":{"line":22,"column":4},"end":{"line":24,"column":5}},{"start":{},"end":{}}],"line":22}},"s":{"0":5,"1":5,"2":5,"3":5,"4":0,"5":0,"6":0,"7":0,"8":0,"9":0,"10":0,"11":0,"12":0,"13":0,"14":0,"15":5,"16":0,"17":0,"18":5,"19":0,"20":0,"21":5,"22":0,"23":0},"f":{"0":0,"1":0,"2":0,"3":0},"b":{"0":[0,0],"1":[0,0],"2":[0,0],"3":[0,0]},"_coverageSchema":"1a1c01bbd47fc00a2c39e90264f33305004495a9","hash":"84b1b7726d43e05f484ac8aa0d0e4d2517964191"}
,"/app/src/controllers/anomalies.controller.js": {"path":"/app/src/controllers/anomalies.controller.js","statementMap":{"0":{"start":{"line":1,"column":21},"end":{"line":1,"column":53}},"1":{"start":{"line":2,"column":13},"end":{"line":2,"column":36}},"2":{"start":{"line":3,"column":17},"end":{"line":3,"column":45}},"3":{"start":{"line":9,"column":0},"end":{"line":72,"column":3}},"4":{"start":{"line":10,"column":39},"end":{"line":10,"column":48}},"5":{"start":{"line":11,"column":17},"end":{"line":11,"column":59}},"6":{"start":{"line":12,"column":18},"end":{"line":12,"column":77}},"7":{"start":{"line":13,"column":19},"end":{"line":13,"column":37}},"8":{"start":{"line":16,"column":22},"end":{"line":16,"column":41}},"9":{"start":{"line":17,"column":19},"end":{"line":17,"column":36}},"10":{"start":{"line":19,"column":4},"end":{"line":23,"column":5}},"11":{"start":{"line":20,"column":27},"end":{"line":20,"column":44}},"12":{"start":{"line":21,"column":8},"end":{"line":21,"column":42}},"13":{"start":{"line":22,"column":8},"end":{"line":22,"column":32}},"14":{"start":{"line":25,"column":4},"end":{"line":32,"column":5}},"15":{"start":{"line":26,"column":32},"end":{"line":26,"column":57}},"16":{"start":{"line":27,"column":8},"end":{"line":29,"column":9}},"17":{"start":{"line":28,"column":12},"end":{"line":28,"column":84}},"18":{"start":{"line":30,"column":8},"end":{"line":30,"column":43}},"19":{"start":{"line":31,"column":8},"end":{"line":31,"column":30}},"20":{"start":{"line":34,"column":4},"end":{"line":41,"column":5}},"21":{"start":{"line":35,"column":27},"end":{"line":35,"column":62}},"22":{"start":{"line":36,"column":8},"end":{"line":38,"column":9}},"23":{"start":{"line":37,"column":12},"end":{"line":37,"column":90}},"24":{"start":{"line":39,"column":8},"end":{"line":39,"column":39}},"25":{"start":{"line":40,"column":8},"end":{"line":40,"column":26}},"26":{"start":{"line":44,"column":24},"end":{"line":51,"column":5}},"27":{"start":{"line":54,"column":26},"end":{"line":57,"column":5}},"28":{"start":{"line":59,"column":18},"end":{"line":59,"column":38}},"29":{"start":{"line":60,"column":23},"end":{"line":60,"column":47}},"30":{"start":{"line":62,"column":4},"end":{"line":71,"column":7}},"31":{"start":{"line":78,"column":0},"end":{"line":105,"column":3}},"32":{"start":{"line":79,"column":22},"end":{"line":87,"column":5}},"33":{"start":{"line":89,"column":19},"end":{"line":94,"column":5}},"34":{"start":{"line":96,"column":4},"end":{"line":99,"column":5}},"35":{"start":{"line":97,"column":8},"end":{"line":97,"column":41}},"36":{"start":{"line":98,"column":8},"end":{"line":98,"column":34}},"37":{"start":{"line":101,"column":4},"end":{"line":104,"column":7}},"38":{"start":{"line":111,"column":0},"end":{"line":150,"column":3}},"39":{"start":{"line":112,"column":19},"end":{"line":112,"column":29}},"40":{"start":{"line":114,"column":4},"end":{"line":116,"column":5}},"41":{"start":{"line":115,"column":8},"end":{"line":115,"column":54}},"42":{"start":{"line":119,"column":22},"end":{"line":122,"column":5}},"43":{"start":{"line":124,"column":4},"end":{"line":126,"column":5}},"44":{"start":{"line":125,"column":8},"end":{"line":125,"column":53}},"45":{"start":{"line":129,"column":21},"end":{"line":132,"column":5}},"46":{"start":{"line":134,"column":4},"end":{"line":136,"column":5}},"47":{"start":{"line":135,"column":8},"end":{"line":135,"column":53}},"48":{"start":{"line":139,"column":22},"end":{"line":144,"column":5}},"49":{"start":{"line":146,"column":4},"end":{"line":149,"column":7}},"50":{"start":{"line":156,"column":0},"end":{"line":168,"column":3}},"51":{"start":{"line":157,"column":21},"end":{"line":160,"column":5}},"52":{"start":{"line":162,"column":4},"end":{"line":167,"column":7}}},"fnMap":{"0":{"name":"(anonymous_0)","decl":{"start":{"line":9,"column":28},"end":{"line":9,"column":29}},"loc":{"start":{"line":9,"column":48},"end":{"line":72,"column":1}},"line":9},"1":{"name":"(anonymous_1)","decl":{"start":{"line":78,"column":34},"end":{"line":78,"column":35}},"loc":{"start":{"line":78,"column":54},"end":{"line":105,"column":1}},"line":78},"2":{"name":"(anonymous_2)","decl":{"start":{"line":111,"column":34},"end":{"line":111,"column":35}},"loc":{"start":{"line":111,"column":54},"end":{"line":150,"column":1}},"line":111},"3":{"name":"(anonymous_3)","decl":{"start":{"line":156,"column":37},"end":{"line":156,"column":38}},"loc":{"start":{"line":156,"column":57},"end":{"line":168,"column":1}},"line":156}},"branchMap":{"0":{"loc":{"start":{"line":11,"column":29},"end":{"line":11,"column":58}},"type":"binary-expr","locations":[{"start":{"line":11,"column":29},"end":{"line":11,"column":53}},{"start":{"line":11,"column":57},"end":{"line":11,"column":58}}],"line":11},"1":{"loc":{"start":{"line":12,"column":44},"end":{"line":12,"column":75}},"type":"binary-expr","locations":[{"start":{"line":12,"column":44},"end":{"line":12,"column":69}},{"start":{"line":12,"column":73},"end":{"line":12,"column":75}}],"line":12},"2":{"loc":{"start":{"line":19,"column":4},"end":{"line":23,"column":5}},"type":"if","locations":[{"start":{"line":19,"column":4},"end":{"line":23,"column":5}},{"start":{},"end":{}}],"line":19},"3":{"loc":{"start":{"line":19,"column":8},"end":{"line":19,"column":45}},"type":"binary-expr","locations":[{"start":{"line":19,"column":8},"end":{"line":19,"column":28}},{"start":{"line":19,"column":32},"end":{"line":19,"column":45}}],"line":19},"4":{"loc":{"start":{"line":25,"column":4},"end":{"line":32,"column":5}},"type":"if","locations":[{"start":{"line":25,"column":4},"end":{"line":32,"column":5}},{"start":{},"end":{}}],"line":25},"5":{"loc":{"start":{"line":27,"column":8},"end":{"line":29,"column":9}},"type":"if","locations":[{"start":{"line":27,"column":8},"end":{"line":29,"column":9}},{"start":{},"end":{}}],"line":27},"6":{"loc":{"start":{"line":34,"column":4},"end":{"line":41,"column":5}},"type":"if","locations":[{"start":{"line":34,"column":4},"end":{"line":41,"column":5}},{"start":{},"end":{}}],"line":34},"7":{"loc":{"start":{"line":36,"column":8},"end":{"line":38,"column":9}},"type":"if","locations":[{"start":{"line":36,"column":8},"end":{"line":38,"column":9}},{"start":{},"end":{}}],"line":36},"8":{"loc":{"start":{"line":114,"column":4},"end":{"line":116,"column":5}},"type":"if","locations":[{"start":{"line":114,"column":4},"end":{"line":116,"column":5}},{"start":{},"end":{}}],"line":114},"9":{"loc":{"start":{"line":114,"column":8},"end":{"line":114,"column":24}},"type":"binary-expr","locations":[{"start":{"line":114,"column":8},"end":{"line":114,"column":11}},{"start":{"line":114,"column":15},"end":{"line":114,"column":24}}],"line":114},"10":{"loc":{"start":{"line":124,"column":4},"end":{"line":126,"column":5}},"type":"if","locations":[{"start":{"line":124,"column":4},"end":{"line":126,"column":5}},{"start":{},"end":{}}],"line":124},"11":{"loc":{"start":{"line":134,"column":4},"end":{"line":136,"column":5}},"type":"if","locations":[{"start":{"line":134,"column":4},"end":{"line":136,"column":5}},{"start":{},"end":{}}],"line":134}},"s":{"0":5,"1":5,"2":5,"3":5,"4":0,"5":0,"6":0,"7":0,"8":0,"9":0,"10":0,"11":0,"12":0,"13":0,"14":0,"15":0,"16":0,"17":0,"18":0,"19":0,"20":0,"21":0,"22":0,"23":0,"24":0,"25":0,"26":0,"27":0,"28":0,"29":0,"30":0,"31":5,"32":0,"33":0,"34":0,"35":0,"36":0,"37":0,"38":5,"39":0,"40":0,"41":0,"42":0,"43":0,"44":0,"45":0,"46":0,"47":0,"48":0,"49":0,"50":5,"51":0,"52":0},"f":{"0":0,"1":0,"2":0,"3":0},"b":{"0":[0,0],"1":[0,0],"2":[0,0],"3":[0,0],"4":[0,0],"5":[0,0],"6":[0,0],"7":[0,0],"8":[0,0],"9":[0,0],"10":[0,0],"11":[0,0]},"_coverageSchema":"1a1c01bbd47fc00a2c39e90264f33305004495a9","hash":"1aa99b04acb00f937f334342d3e640be91706074"}
,"/app/src/controllers/auth.controller.js": {"path":"/app/src/controllers/auth.controller.js","statementMap":{"0":{"start":{"line":1,"column":21},"end":{"line":1,"column":53}},"1":{"start":{"line":2,"column":20},"end":{"line":2,"column":55}},"2":{"start":{"line":4,"column":0},"end":{"line":7,"column":3}},"3":{"start":{"line":5,"column":28},"end":{"line":5,"column":62}},"4":{"start":{"line":6,"column":4},"end":{"line":6,"column":67}},"5":{"start":{"line":9,"column":0},"end":{"line":12,"column":3}},"6":{"start":{"line":10,"column":28},"end":{"line":10,"column":61}},"7":{"start":{"line":11,"column":4},"end":{"line":11,"column":67}},"8":{"start":{"line":14,"column":0},"end":{"line":17,"column":3}},"9":{"start":{"line":15,"column":17},"end":{"line":15,"column":47}},"10":{"start":{"line":16,"column":4},"end":{"line":16,"column":50}}},"fnMap":{"0":{"name":"(anonymous_0)","decl":{"start":{"line":4,"column":30},"end":{"line":4,"column":31}},"loc":{"start":{"line":4,"column":50},"end":{"line":7,"column":1}},"line":4},"1":{"name":"(anonymous_1)","decl":{"start":{"line":9,"column":29},"end":{"line":9,"column":30}},"loc":{"start":{"line":9,"column":49},"end":{"line":12,"column":1}},"line":9},"2":{"name":"(anonymous_2)","decl":{"start":{"line":14,"column":26},"end":{"line":14,"column":27}},"loc":{"start":{"line":14,"column":46},"end":{"line":17,"column":1}},"line":14}},"branchMap":{},"s":{"0":5,"1":5,"2":5,"3":12,"4":11,"5":5,"6":3,"7":1,"8":5,"9":1,"10":1},"f":{"0":12,"1":3,"2":1},"b":{},"_coverageSchema":"1a1c01bbd47fc00a2c39e90264f33305004495a9","hash":"610b1f0e840eacc14ee1ca7122642aefd479592d"}
,"/app/src/controllers/heart-rate.controller.js": {"path":"/app/src/controllers/heart-rate.controller.js","statementMap":{"0":{"start":{"line":1,"column":21},"end":{"line":1,"column":53}},"1":{"start":{"line":2,"column":25},"end":{"line":2,"column":66}},"2":{"start":{"line":3,"column":24},"end":{"line":3,"column":62}},"3":{"start":{"line":4,"column":17},"end":{"line":4,"column":45}},"4":{"start":{"line":7,"column":31},"end":{"line":39,"column":1}},"5":{"start":{"line":8,"column":19},"end":{"line":8,"column":21}},"6":{"start":{"line":10,"column":4},"end":{"line":19,"column":5}},"7":{"start":{"line":11,"column":8},"end":{"line":11,"column":74}},"8":{"start":{"line":13,"column":27},"end":{"line":13,"column":53}},"9":{"start":{"line":14,"column":8},"end":{"line":18,"column":9}},"10":{"start":{"line":15,"column":12},"end":{"line":15,"column":95}},"11":{"start":{"line":16,"column":15},"end":{"line":18,"column":9}},"12":{"start":{"line":17,"column":12},"end":{"line":17,"column":90}},"13":{"start":{"line":21,"column":4},"end":{"line":25,"column":5}},"14":{"start":{"line":22,"column":8},"end":{"line":22,"column":83}},"15":{"start":{"line":23,"column":11},"end":{"line":25,"column":5}},"16":{"start":{"line":24,"column":8},"end":{"line":24,"column":77}},"17":{"start":{"line":27,"column":4},"end":{"line":32,"column":5}},"18":{"start":{"line":28,"column":30},"end":{"line":28,"column":88}},"19":{"start":{"line":29,"column":8},"end":{"line":31,"column":9}},"20":{"start":{"line":30,"column":12},"end":{"line":30,"column":106}},"21":{"start":{"line":34,"column":4},"end":{"line":36,"column":5}},"22":{"start":{"line":35,"column":8},"end":{"line":35,"column":83}},"23":{"start":{"line":38,"column":4},"end":{"line":38,"column":18}},"24":{"start":{"line":42,"column":27},"end":{"line":76,"column":1}},"25":{"start":{"line":43,"column":19},"end":{"line":43,"column":21}},"26":{"start":{"line":44,"column":55},"end":{"line":44,"column":64}},"27":{"start":{"line":46,"column":4},"end":{"line":48,"column":5}},"28":{"start":{"line":47,"column":8},"end":{"line":47,"column":79}},"29":{"start":{"line":50,"column":4},"end":{"line":52,"column":5}},"30":{"start":{"line":51,"column":8},"end":{"line":51,"column":80}},"31":{"start":{"line":54,"column":4},"end":{"line":59,"column":5}},"32":{"start":{"line":55,"column":30},"end":{"line":55,"column":88}},"33":{"start":{"line":56,"column":8},"end":{"line":58,"column":9}},"34":{"start":{"line":57,"column":12},"end":{"line":57,"column":106}},"35":{"start":{"line":61,"column":4},"end":{"line":66,"column":5}},"36":{"start":{"line":62,"column":21},"end":{"line":62,"column":39}},"37":{"start":{"line":63,"column":8},"end":{"line":65,"column":9}},"38":{"start":{"line":64,"column":12},"end":{"line":64,"column":89}},"39":{"start":{"line":68,"column":4},"end":{"line":73,"column":5}},"40":{"start":{"line":69,"column":21},"end":{"line":69,"column":37}},"41":{"start":{"line":70,"column":8},"end":{"line":72,"column":9}},"42":{"start":{"line":71,"column":12},"end":{"line":71,"column":85}},"43":{"start":{"line":75,"column":4},"end":{"line":75,"column":18}},"44":{"start":{"line":82,"column":0},"end":{"line":102,"column":3}},"45":{"start":{"line":83,"column":19},"end":{"line":83,"column":42}},"46":{"start":{"line":84,"column":4},"end":{"line":86,"column":5}},"47":{"start":{"line":85,"column":8},"end":{"line":85,"column":60}},"48":{"start":{"line":88,"column":64},"end":{"line":88,"column":73}},"49":{"start":{"line":89,"column":19},"end":{"line":95,"column":6}},"50":{"start":{"line":97,"column":4},"end":{"line":101,"column":7}},"51":{"start":{"line":108,"column":0},"end":{"line":125,"column":3}},"52":{"start":{"line":109,"column":19},"end":{"line":109,"column":51}},"53":{"start":{"line":110,"column":4},"end":{"line":112,"column":5}},"54":{"start":{"line":111,"column":8},"end":{"line":111,"column":60}},"55":{"start":{"line":114,"column":19},"end":{"line":114,"column":90}},"56":{"start":{"line":117,"column":4},"end":{"line":119,"column":7}},"57":{"start":{"line":118,"column":8},"end":{"line":118,"column":63}},"58":{"start":{"line":121,"column":4},"end":{"line":124,"column":7}},"59":{"start":{"line":131,"column":0},"end":{"line":152,"column":3}},"60":{"start":{"line":132,"column":24},"end":{"line":132,"column":32}},"61":{"start":{"line":134,"column":4},"end":{"line":136,"column":5}},"62":{"start":{"line":135,"column":8},"end":{"line":135,"column":60}},"63":{"start":{"line":138,"column":19},"end":{"line":138,"column":95}},"64":{"start":{"line":141,"column":4},"end":{"line":143,"column":7}},"65":{"start":{"line":142,"column":8},"end":{"line":142,"column":63}},"66":{"start":{"line":145,"column":4},"end":{"line":151,"column":7}},"67":{"start":{"line":158,"column":0},"end":{"line":185,"column":3}},"68":{"start":{"line":159,"column":33},"end":{"line":159,"column":42}},"69":{"start":{"line":162,"column":4},"end":{"line":167,"column":5}},"70":{"start":{"line":163,"column":21},"end":{"line":163,"column":39}},"71":{"start":{"line":164,"column":8},"end":{"line":166,"column":9}},"72":{"start":{"line":165,"column":12},"end":{"line":165,"column":123}},"73":{"start":{"line":169,"column":4},"end":{"line":174,"column":5}},"74":{"start":{"line":170,"column":21},"end":{"line":170,"column":37}},"75":{"start":{"line":171,"column":8},"end":{"line":173,"column":9}},"76":{"start":{"line":172,"column":12},"end":{"line":172,"column":119}},"77":{"start":{"line":176,"column":18},"end":{"line":179,"column":6}},"78":{"start":{"line":181,"column":4},"end":{"line":184,"column":7}},"79":{"start":{"line":191,"column":0},"end":{"line":204,"column":3}},"80":{"start":{"line":192,"column":19},"end":{"line":192,"column":29}},"81":{"start":{"line":194,"column":4},"end":{"line":196,"column":5}},"82":{"start":{"line":195,"column":8},"end":{"line":195,"column":64}},"83":{"start":{"line":198,"column":19},"end":{"line":198,"column":92}},"84":{"start":{"line":200,"column":4},"end":{"line":203,"column":7}}},"fnMap":{"0":{"name":"(anonymous_0)","decl":{"start":{"line":7,"column":31},"end":{"line":7,"column":32}},"loc":{"start":{"line":7,"column":43},"end":{"line":39,"column":1}},"line":7},"1":{"name":"(anonymous_1)","decl":{"start":{"line":42,"column":27},"end":{"line":42,"column":28}},"loc":{"start":{"line":42,"column":36},"end":{"line":76,"column":1}},"line":42},"2":{"name":"(anonymous_2)","decl":{"start":{"line":82,"column":28},"end":{"line":82,"column":29}},"loc":{"start":{"line":82,"column":48},"end":{"line":102,"column":1}},"line":82},"3":{"name":"(anonymous_3)","decl":{"start":{"line":108,"column":30},"end":{"line":108,"column":31}},"loc":{"start":{"line":108,"column":50},"end":{"line":125,"column":1}},"line":108},"4":{"name":"(anonymous_4)","decl":{"start":{"line":117,"column":60},"end":{"line":117,"column":61}},"loc":{"start":{"line":117,"column":67},"end":{"line":119,"column":5}},"line":117},"5":{"name":"(anonymous_5)","decl":{"start":{"line":131,"column":35},"end":{"line":131,"column":36}},"loc":{"start":{"line":131,"column":55},"end":{"line":152,"column":1}},"line":131},"6":{"name":"(anonymous_6)","decl":{"start":{"line":141,"column":60},"end":{"line":141,"column":61}},"loc":{"start":{"line":141,"column":67},"end":{"line":143,"column":5}},"line":141},"7":{"name":"(anonymous_7)","decl":{"start":{"line":158,"column":32},"end":{"line":158,"column":33}},"loc":{"start":{"line":158,"column":52},"end":{"line":185,"column":1}},"line":158},"8":{"name":"(anonymous_8)","decl":{"start":{"line":191,"column":30},"end":{"line":191,"column":31}},"loc":{"start":{"line":191,"column":50},"end":{"line":204,"column":1}},"line":191}},"branchMap":{"0":{"loc":{"start":{"line":10,"column":4},"end":{"line":19,"column":5}},"type":"if","locations":[{"start":{"line":10,"column":4},"end":{"line":19,"column":5}},{"start":{"line":12,"column":11},"end":{"line":19,"column":5}}],"line":10},"1":{"loc":{"start":{"line":14,"column":8},"end":{"line":18,"column":9}},"type":"if","locations":[{"start":{"line":14,"column":8},"end":{"line":18,"column":9}},{"start":{"line":16,"column":15},"end":{"line":18,"column":9}}],"line":14},"2":{"loc":{"start":{"line":16,"column":15},"end":{"line":18,"column":9}},"type":"if","locations":[{"start":{"line":16,"column":15},"end":{"line":18,"column":9}},{"start":{},"end":{}}],"line":16},"3":{"loc":{"start":{"line":21,"column":4},"end":{"line":25,"column":5}},"type":"if","locations":[{"start":{"line":21,"column":4},"end":{"line":25,"column":5}},{"start":{"line":23,"column":11},"end":{"line":25,"column":5}}],"line":21},"4":{"loc":{"start":{"line":21,"column":8},"end":{"line":21,"column":53}},"type":"binary-expr","locations":[{"start":{"line":21,"column":8},"end":{"line":21,"column":19}},{"start":{"line":21,"column":23},"end":{"line":21,"column":53}}],"line":21},"5":{"loc":{"start":{"line":23,"column":11},"end":{"line":25,"column":5}},"type":"if","locations":[{"start":{"line":23,"column":11},"end":{"line":25,"column":5}},{"start":{},"end":{}}],"line":23},"6":{"loc":{"start":{"line":23,"column":15},"end":{"line":23,"column":50}},"type":"binary-expr","locations":[{"start":{"line":23,"column":15},"end":{"line":23,"column":30}},{"start":{"line":23,"column":34},"end":{"line":23,"column":50}}],"line":23},"7":{"loc":{"start":{"line":27,"column":4},"end":{"line":32,"column":5}},"type":"if","locations":[{"start":{"line":27,"column":4},"end":{"line":32,"column":5}},{"start":{},"end":{}}],"line":27},"8":{"loc":{"start":{"line":29,"column":8},"end":{"line":31,"column":9}},"type":"if","locations":[{"start":{"line":29,"column":8},"end":{"line":31,"column":9}},{"start":{},"end":{}}],"line":29},"9":{"loc":{"start":{"line":34,"column":4},"end":{"line":36,"column":5}},"type":"if","locations":[{"start":{"line":34,"column":4},"end":{"line":36,"column":5}},{"start":{},"end":{}}],"line":34},"10":{"loc":{"start":{"line":34,"column":8},"end":{"line":34,"column":65}},"type":"binary-expr","locations":[{"start":{"line":34,"column":8},"end":{"line":34,"column":25}},{"start":{"line":34,"column":29},"end":{"line":34,"column":65}}],"line":34},"11":{"loc":{"start":{"line":46,"column":4},"end":{"line":48,"column":5}},"type":"if","locations":[{"start":{"line":46,"column":4},"end":{"line":48,"column":5}},{"start":{},"end":{}}],"line":46},"12":{"loc":{"start":{"line":46,"column":8},"end":{"line":46,"column":49}},"type":"binary-expr","locations":[{"start":{"line":46,"column":8},"end":{"line":46,"column":12}},{"start":{"line":46,"column":17},"end":{"line":46,"column":28}},{"start":{"line":46,"column":32},"end":{"line":46,"column":48}}],"line":46},"13":{"loc":{"start":{"line":50,"column":4},"end":{"line":52,"column":5}},"type":"if","locations":[{"start":{"line":50,"column":4},"end":{"line":52,"column":5}},{"start":{},"end":{}}],"line":50},"14":{"loc":{"start":{"line":50,"column":8},"end":{"line":50,"column":75}},"type":"binary-expr","locations":[{"start":{"line":50,"column":8},"end":{"line":50,"column":13}},{"start":{"line":50,"column":18},"end":{"line":50,"column":30}},{"start":{"line":50,"column":34},"end":{"line":50,"column":51}},{"start":{"line":50,"column":55},"end":{"line":50,"column":74}}],"line":50},"15":{"loc":{"start":{"line":54,"column":4},"end":{"line":59,"column":5}},"type":"if","locations":[{"start":{"line":54,"column":4},"end":{"line":59,"column":5}},{"start":{},"end":{}}],"line":54},"16":{"loc":{"start":{"line":56,"column":8},"end":{"line":58,"column":9}},"type":"if","locations":[{"start":{"line":56,"column":8},"end":{"line":58,"column":9}},{"start":{},"end":{}}],"line":56},"17":{"loc":{"start":{"line":61,"column":4},"end":{"line":66,"column":5}},"type":"if","locations":[{"start":{"line":61,"column":4},"end":{"line":66,"column":5}},{"start":{},"end":{}}],"line":61},"18":{"loc":{"start":{"line":63,"column":8},"end":{"line":65,"column":9}},"type":"if","locations":[{"start":{"line":63,"column":8},"end":{"line":65,"column":9}},{"start":{},"end":{}}],"line":63},"19":{"loc":{"start":{"line":68,"column":4},"end":{"line":73,"column":5}},"type":"if","locations":[{"start":{"line":68,"column":4},"end":{"line":73,"column":5}},{"start":{},"end":{}}],"line":68},"20":{"loc":{"start":{"line":70,"column":8},"end":{"line":72,"column":9}},"type":"if","locations":[{"start":{"line":70,"column":8},"end":{"line":72,"column":9}},{"start":{},"end":{}}],"line":70},"21":{"loc":{"start":{"line":84,"column":4},"end":{"line":86,"column":5}},"type":"if","locations":[{"start":{"line":84,"column":4},"end":{"line":86,"column":5}},{"start":{},"end":{}}],"line":84},"22":{"loc":{"start":{"line":88,"column":12},"end":{"line":88,"column":20}},"type":"default-arg","locations":[{"start":{"line":88,"column":19},"end":{"line":88,"column":20}}],"line":88},"23":{"loc":{"start":{"line":88,"column":22},"end":{"line":88,"column":32}},"type":"default-arg","locations":[{"start":{"line":88,"column":30},"end":{"line":88,"column":32}}],"line":88},"24":{"loc":{"start":{"line":92,"column":17},"end":{"line":92,"column":32}},"type":"binary-expr","locations":[{"start":{"line":92,"column":17},"end":{"line":92,"column":24}},{"start":{"line":92,"column":28},"end":{"line":92,"column":32}}],"line":92},"25":{"loc":{"start":{"line":93,"column":18},"end":{"line":93,"column":34}},"type":"binary-expr","locations":[{"start":{"line":93,"column":18},"end":{"line":93,"column":26}},{"start":{"line":93,"column":30},"end":{"line":93,"column":34}}],"line":93},"26":{"loc":{"start":{"line":94,"column":16},"end":{"line":94,"column":30}},"type":"binary-expr","locations":[{"start":{"line":94,"column":16},"end":{"line":94,"column":22}},{"start":{"line":94,"column":26},"end":{"line":94,"column":30}}],"line":94},"27":{"loc":{"start":{"line":110,"column":4},"end":{"line":112,"column":5}},"type":"if","locations":[{"start":{"line":110,"column":4},"end":{"line":112,"column":5}},{"start":{},"end":{}}],"line":110},"28":{"loc":{"start":{"line":134,"column":4},"end":{"line":136,"column":5}},"type":"if","locations":[{"start":{"line":134,"column":4},"end":{"line":136,"column":5}},{"start":{},"end":{}}],"line":134},"29":{"loc":{"start":{"line":162,"column":4},"end":{"line":167,"column":5}},"type":"if","locations":[{"start":{"line":162,"column":4},"end":{"line":167,"column":5}},{"start":{},"end":{}}],"line":162},"30":{"loc":{"start":{"line":164,"column":8},"end":{"line":166,"column":9}},"type":"if","locations":[{"start":{"line":164,"column":8},"end":{"line":166,"column":9}},{"start":{},"end":{}}],"line":164},"31":{"loc":{"start":{"line":169,"column":4},"end":{"line":174,"column":5}},"type":"if","locations":[{"start":{"line":169,"column":4},"end":{"line":174,"column":5}},{"start":{},"end":{}}],"line":169},"32":{"loc":{"start":{"line":171,"column":8},"end":{"line":173,"column":9}},"type":"if","locations":[{"start":{"line":171,"column":8},"end":{"line":173,"column":9}},{"start":{},"end":{}}],"line":171},"33":{"loc":{"start":{"line":177,"column":18},"end":{"line":177,"column":34}},"type":"binary-expr","locations":[{"start":{"line":177,"column":18},"end":{"line":177,"column":26}},{"start":{"line":177,"column":30},"end":{"line":177,"column":34}}],"line":177},"34":{"loc":{"start":{"line":178,"column":16},"end":{"line":178,"column":30}},"type":"binary-expr","locations":[{"start":{"line":178,"column":16},"end":{"line":178,"column":22}},{"start":{"line":178,"column":26},"end":{"line":178,"column":30}}],"line":178},"35":{"loc":{"start":{"line":194,"column":4},"end":{"line":196,"column":5}},"type":"if","locations":[{"start":{"line":194,"column":4},"end":{"line":196,"column":5}},{"start":{},"end":{}}],"line":194},"36":{"loc":{"start":{"line":194,"column":8},"end":{"line":194,"column":24}},"type":"binary-expr","locations":[{"start":{"line":194,"column":8},"end":{"line":194,"column":11}},{"start":{"line":194,"column":15},"end":{"line":194,"column":24}}],"line":194}},"s":{"0":5,"1":5,"2":5,"3":5,"4":5,"5":25,"6":25,"7":0,"8":25,"9":25,"10":0,"11":25,"12":0,"13":25,"14":0,"15":25,"16":1,"17":25,"18":25,"19":25,"20":1,"21":25,"22":0,"23":25,"24":5,"25":6,"26":6,"27":6,"28":0,"29":6,"30":0,"31":6,"32":1,"33":1,"34":0,"35":6,"36":0,"37":0,"38":0,"39":6,"40":0,"41":0,"42":0,"43":6,"44":5,"45":6,"46":6,"47":0,"48":6,"49":6,"50":6,"51":5,"52":25,"53":25,"54":2,"55":23,"56":23,"57":0,"58":23,"59":5,"60":3,"61":3,"62":0,"63":3,"64":1,"65":0,"66":1,"67":5,"68":1,"69":1,"70":0,"71":0,"72":0,"73":1,"74":0,"75":0,"76":0,"77":1,"78":1,"79":5,"80":2,"81":2,"82":0,"83":2,"84":1},"f":{"0":25,"1":6,"2":6,"3":25,"4":0,"5":3,"6":0,"7":1,"8":2},"b":{"0":[0,25],"1":[0,25],"2":[0,25],"3":[0,25],"4":[25,25],"5":[1,24],"6":[25,25],"7":[25,0],"8":[1,24],"9":[0,25],"10":[25,0],"11":[0,6],"12":[6,0,0],"13":[0,6],"14":[6,1,1,1],"15":[1,5],"16":[0,1],"17":[0,6],"18":[0,0],"19":[0,6],"20":[0,0],"21":[0,6],"22":[6],"23":[5],"24":[6,5],"25":[6,6],"26":[6,6],"27":[2,23],"28":[0,3],"29":[0,1],"30":[0,0],"31":[0,1],"32":[0,0],"33":[1,1],"34":[1,1],"35":[0,2],"36":[2,2]},"_coverageSchema":"1a1c01bbd47fc00a2c39e90264f33305004495a9","hash":"514e4c2bd751525613a793578f809c43f3660cba"}
,"/app/src/controllers/sleep.controller.js": {"path":"/app/src/controllers/sleep.controller.js","statementMap":{"0":{"start":{"line":1,"column":21},"end":{"line":1,"column":53}},"1":{"start":{"line":2,"column":21},"end":{"line":2,"column":57}},"2":{"start":{"line":3,"column":24},"end":{"line":3,"column":62}},"3":{"start":{"line":4,"column":17},"end":{"line":4,"column":45}},"4":{"start":{"line":7,"column":27},"end":{"line":52,"column":1}},"5":{"start":{"line":8,"column":19},"end":{"line":8,"column":21}},"6":{"start":{"line":9,"column":95},"end":{"line":9,"column":103}},"7":{"start":{"line":11,"column":4},"end":{"line":18,"column":5}},"8":{"start":{"line":12,"column":8},"end":{"line":12,"column":64}},"9":{"start":{"line":14,"column":24},"end":{"line":14,"column":38}},"10":{"start":{"line":15,"column":8},"end":{"line":17,"column":9}},"11":{"start":{"line":16,"column":12},"end":{"line":16,"column":81}},"12":{"start":{"line":20,"column":4},"end":{"line":22,"column":5}},"13":{"start":{"line":21,"column":8},"end":{"line":21,"column":105}},"14":{"start":{"line":24,"column":4},"end":{"line":26,"column":5}},"15":{"start":{"line":25,"column":8},"end":{"line":25,"column":97}},"16":{"start":{"line":28,"column":4},"end":{"line":30,"column":5}},"17":{"start":{"line":29,"column":8},"end":{"line":29,"column":99}},"18":{"start":{"line":32,"column":4},"end":{"line":34,"column":5}},"19":{"start":{"line":33,"column":8},"end":{"line":33,"column":95}},"20":{"start":{"line":36,"column":4},"end":{"line":38,"column":5}},"21":{"start":{"line":37,"column":8},"end":{"line":37,"column":93}},"22":{"start":{"line":41,"column":4},"end":{"line":49,"column":5}},"23":{"start":{"line":42,"column":32},"end":{"line":42,"column":101}},"24":{"start":{"line":43,"column":8},"end":{"line":48,"column":9}},"25":{"start":{"line":44,"column":12},"end":{"line":47,"column":15}},"26":{"start":{"line":51,"column":4},"end":{"line":51,"column":18}},"27":{"start":{"line":55,"column":27},"end":{"line":82,"column":1}},"28":{"start":{"line":56,"column":19},"end":{"line":56,"column":21}},"29":{"start":{"line":57,"column":46},"end":{"line":57,"column":55}},"30":{"start":{"line":59,"column":4},"end":{"line":61,"column":5}},"31":{"start":{"line":60,"column":8},"end":{"line":60,"column":79}},"32":{"start":{"line":63,"column":4},"end":{"line":65,"column":5}},"33":{"start":{"line":64,"column":8},"end":{"line":64,"column":80}},"34":{"start":{"line":67,"column":4},"end":{"line":72,"column":5}},"35":{"start":{"line":68,"column":21},"end":{"line":68,"column":39}},"36":{"start":{"line":69,"column":8},"end":{"line":71,"column":9}},"37":{"start":{"line":70,"column":12},"end":{"line":70,"column":89}},"38":{"start":{"line":74,"column":4},"end":{"line":79,"column":5}},"39":{"start":{"line":75,"column":21},"end":{"line":75,"column":37}},"40":{"start":{"line":76,"column":8},"end":{"line":78,"column":9}},"41":{"start":{"line":77,"column":12},"end":{"line":77,"column":85}},"42":{"start":{"line":81,"column":4},"end":{"line":81,"column":18}},"43":{"start":{"line":88,"column":0},"end":{"line":107,"column":3}},"44":{"start":{"line":89,"column":19},"end":{"line":89,"column":42}},"45":{"start":{"line":90,"column":4},"end":{"line":92,"column":5}},"46":{"start":{"line":91,"column":8},"end":{"line":91,"column":60}},"47":{"start":{"line":94,"column":55},"end":{"line":94,"column":64}},"48":{"start":{"line":95,"column":19},"end":{"line":100,"column":6}},"49":{"start":{"line":102,"column":4},"end":{"line":106,"column":7}},"50":{"start":{"line":113,"column":0},"end":{"line":130,"column":3}},"51":{"start":{"line":114,"column":19},"end":{"line":114,"column":42}},"52":{"start":{"line":115,"column":4},"end":{"line":117,"column":5}},"53":{"start":{"line":116,"column":8},"end":{"line":116,"column":60}},"54":{"start":{"line":119,"column":19},"end":{"line":119,"column":82}},"55":{"start":{"line":122,"column":4},"end":{"line":124,"column":7}},"56":{"start":{"line":123,"column":8},"end":{"line":123,"column":63}},"57":{"start":{"line":126,"column":4},"end":{"line":129,"column":7}},"58":{"start":{"line":136,"column":0},"end":{"line":149,"column":3}},"59":{"start":{"line":137,"column":19},"end":{"line":137,"column":29}},"60":{"start":{"line":139,"column":4},"end":{"line":141,"column":5}},"61":{"start":{"line":140,"column":8},"end":{"line":140,"column":59}},"62":{"start":{"line":143,"column":19},"end":{"line":143,"column":85}},"63":{"start":{"line":145,"column":4},"end":{"line":148,"column":7}},"64":{"start":{"line":155,"column":0},"end":{"line":178,"column":3}},"65":{"start":{"line":156,"column":19},"end":{"line":156,"column":29}},"66":{"start":{"line":158,"column":4},"end":{"line":160,"column":5}},"67":{"start":{"line":159,"column":8},"end":{"line":159,"column":59}},"68":{"start":{"line":163,"column":19},"end":{"line":163,"column":57}},"69":{"start":{"line":164,"column":4},"end":{"line":170,"column":5}},"70":{"start":{"line":166,"column":31},"end":{"line":166,"column":70}},"71":{"start":{"line":166,"column":50},"end":{"line":166,"column":69}},"72":{"start":{"line":167,"column":8},"end":{"line":169,"column":9}},"73":{"start":{"line":168,"column":12},"end":{"line":168,"column":72}},"74":{"start":{"line":172,"column":19},"end":{"line":172,"column":94}},"75":{"start":{"line":174,"column":4},"end":{"line":177,"column":7}},"76":{"start":{"line":184,"column":0},"end":{"line":197,"column":3}},"77":{"start":{"line":185,"column":19},"end":{"line":185,"column":29}},"78":{"start":{"line":187,"column":4},"end":{"line":189,"column":5}},"79":{"start":{"line":188,"column":8},"end":{"line":188,"column":59}},"80":{"start":{"line":191,"column":19},"end":{"line":191,"column":84}},"81":{"start":{"line":193,"column":4},"end":{"line":196,"column":7}},"82":{"start":{"line":203,"column":0},"end":{"line":230,"column":3}},"83":{"start":{"line":204,"column":33},"end":{"line":204,"column":42}},"84":{"start":{"line":207,"column":4},"end":{"line":212,"column":5}},"85":{"start":{"line":208,"column":21},"end":{"line":208,"column":39}},"86":{"start":{"line":209,"column":8},"end":{"line":211,"column":9}},"87":{"start":{"line":210,"column":12},"end":{"line":210,"column":123}},"88":{"start":{"line":214,"column":4},"end":{"line":219,"column":5}},"89":{"start":{"line":215,"column":21},"end":{"line":215,"column":37}},"90":{"start":{"line":216,"column":8},"end":{"line":218,"column":9}},"91":{"start":{"line":217,"column":12},"end":{"line":217,"column":119}},"92":{"start":{"line":221,"column":18},"end":{"line":224,"column":6}},"93":{"start":{"line":226,"column":4},"end":{"line":229,"column":7}}},"fnMap":{"0":{"name":"(anonymous_0)","decl":{"start":{"line":7,"column":27},"end":{"line":7,"column":28}},"loc":{"start":{"line":7,"column":36},"end":{"line":52,"column":1}},"line":7},"1":{"name":"(anonymous_1)","decl":{"start":{"line":55,"column":27},"end":{"line":55,"column":28}},"loc":{"start":{"line":55,"column":36},"end":{"line":82,"column":1}},"line":55},"2":{"name":"(anonymous_2)","decl":{"start":{"line":88,"column":28},"end":{"line":88,"column":29}},"loc":{"start":{"line":88,"column":48},"end":{"line":107,"column":1}},"line":88},"3":{"name":"(anonymous_3)","decl":{"start":{"line":113,"column":30},"end":{"line":113,"column":31}},"loc":{"start":{"line":113,"column":50},"end":{"line":130,"column":1}},"line":113},"4":{"name":"(anonymous_4)","decl":{"start":{"line":122,"column":60},"end":{"line":122,"column":61}},"loc":{"start":{"line":122,"column":67},"end":{"line":124,"column":5}},"line":122},"5":{"name":"(anonymous_5)","decl":{"start":{"line":136,"column":31},"end":{"line":136,"column":32}},"loc":{"start":{"line":136,"column":51},"end":{"line":149,"column":1}},"line":136},"6":{"name":"(anonymous_6)","decl":{"start":{"line":155,"column":30},"end":{"line":155,"column":31}},"loc":{"start":{"line":155,"column":50},"end":{"line":178,"column":1}},"line":155},"7":{"name":"(anonymous_7)","decl":{"start":{"line":166,"column":45},"end":{"line":166,"column":46}},"loc":{"start":{"line":166,"column":50},"end":{"line":166,"column":69}},"line":166},"8":{"name":"(anonymous_8)","decl":{"start":{"line":184,"column":30},"end":{"line":184,"column":31}},"loc":{"start":{"line":184,"column":50},"end":{"line":197,"column":1}},"line":184},"9":{"name":"(anonymous_9)","decl":{"start":{"line":203,"column":32},"end":{"line":203,"column":33}},"loc":{"start":{"line":203,"column":52},"end":{"line":230,"column":1}},"line":203}},"branchMap":{"0":{"loc":{"start":{"line":11,"column":4},"end":{"line":18,"column":5}},"type":"if","locations":[{"start":{"line":11,"column":4},"end":{"line":18,"column":5}},{"start":{"line":13,"column":11},"end":{"line":18,"column":5}}],"line":11},"1":{"loc":{"start":{"line":15,"column":8},"end":{"line":17,"column":9}},"type":"if","locations":[{"start":{"line":15,"column":8},"end":{"line":17,"column":9}},{"start":{},"end":{}}],"line":15},"2":{"loc":{"start":{"line":20,"column":4},"end":{"line":22,"column":5}},"type":"if","locations":[{"start":{"line":20,"column":4},"end":{"line":22,"column":5}},{"start":{},"end":{}}],"line":20},"3":{"loc":{"start":{"line":20,"column":8},"end":{"line":20,"column":91}},"type":"binary-expr","locations":[{"start":{"line":20,"column":8},"end":{"line":20,"column":19}},{"start":{"line":20,"column":23},"end":{"line":20,"column":53}},{"start":{"line":20,"column":57},"end":{"line":20,"column":72}},{"start":{"line":20,"column":76},"end":{"line":20,"column":91}}],"line":20},"4":{"loc":{"start":{"line":24,"column":4},"end":{"line":26,"column":5}},"type":"if","locations":[{"start":{"line":24,"column":4},"end":{"line":26,"column":5}},{"start":{},"end":{}}],"line":24},"5":{"loc":{"start":{"line":24,"column":8},"end":{"line":24,"column":121}},"type":"binary-expr","locations":[{"start":{"line":24,"column":8},"end":{"line":24,"column":36}},{"start":{"line":24,"column":41},"end":{"line":24,"column":75}},{"start":{"line":24,"column":79},"end":{"line":24,"column":97}},{"start":{"line":24,"column":101},"end":{"line":24,"column":120}}],"line":24},"6":{"loc":{"start":{"line":28,"column":4},"end":{"line":30,"column":5}},"type":"if","locations":[{"start":{"line":28,"column":4},"end":{"line":30,"column":5}},{"start":{},"end":{}}],"line":28},"7":{"loc":{"start":{"line":28,"column":8},"end":{"line":28,"column":125}},"type":"binary-expr","locations":[{"start":{"line":28,"column":8},"end":{"line":28,"column":37}},{"start":{"line":28,"column":42},"end":{"line":28,"column":77}},{"start":{"line":28,"column":81},"end":{"line":28,"column":100}},{"start":{"line":28,"column":104},"end":{"line":28,"column":124}}],"line":28},"8":{"loc":{"start":{"line":32,"column":4},"end":{"line":34,"column":5}},"type":"if","locations":[{"start":{"line":32,"column":4},"end":{"line":34,"column":5}},{"start":{},"end":{}}],"line":32},"9":{"loc":{"start":{"line":32,"column":8},"end":{"line":32,"column":117}},"type":"binary-expr","locations":[{"start":{"line":32,"column":8},"end":{"line":32,"column":35}},{"start":{"line":32,"column":40},"end":{"line":32,"column":73}},{"start":{"line":32,"column":77},"end":{"line":32,"column":94}},{"start":{"line":32,"column":98},"end":{"line":32,"column":116}}],"line":32},"10":{"loc":{"start":{"line":36,"column":4},"end":{"line":38,"column":5}},"type":"if","locations":[{"start":{"line":36,"column":4},"end":{"line":38,"column":5}},{"start":{},"end":{}}],"line":36},"11":{"loc":{"start":{"line":36,"column":8},"end":{"line":36,"column":113}},"type":"binary-expr","locations":[{"start":{"line":36,"column":8},"end":{"line":36,"column":34}},{"start":{"line":36,"column":39},"end":{"line":36,"column":71}},{"start":{"line":36,"column":75},"end":{"line":36,"column":91}},{"start":{"line":36,"column":95},"end":{"line":36,"column":112}}],"line":36},"12":{"loc":{"start":{"line":41,"column":4},"end":{"line":49,"column":5}},"type":"if","locations":[{"start":{"line":41,"column":4},"end":{"line":49,"column":5}},{"start":{},"end":{}}],"line":41},"13":{"loc":{"start":{"line":41,"column":8},"end":{"line":41,"column":116}},"type":"binary-expr","locations":[{"start":{"line":41,"column":8},"end":{"line":41,"column":18}},{"start":{"line":41,"column":23},"end":{"line":41,"column":51}},{"start":{"line":41,"column":55},"end":{"line":41,"column":84}},{"start":{"line":41,"column":88},"end":{"line":41,"column":115}}],"line":41},"14":{"loc":{"start":{"line":42,"column":33},"end":{"line":42,"column":52}},"type":"binary-expr","locations":[{"start":{"line":42,"column":33},"end":{"line":42,"column":47}},{"start":{"line":42,"column":51},"end":{"line":42,"column":52}}],"line":42},"15":{"loc":{"start":{"line":42,"column":57},"end":{"line":42,"column":77}},"type":"binary-expr","locations":[{"start":{"line":42,"column":57},"end":{"line":42,"column":72}},{"start":{"line":42,"column":76},"end":{"line":42,"column":77}}],"line":42},"16":{"loc":{"start":{"line":42,"column":82},"end":{"line":42,"column":100}},"type":"binary-expr","locations":[{"start":{"line":42,"column":82},"end":{"line":42,"column":95}},{"start":{"line":42,"column":99},"end":{"line":42,"column":100}}],"line":42},"17":{"loc":{"start":{"line":43,"column":8},"end":{"line":48,"column":9}},"type":"if","locations":[{"start":{"line":43,"column":8},"end":{"line":48,"column":9}},{"start":{},"end":{}}],"line":43},"18":{"loc":{"start":{"line":46,"column":75},"end":{"line":46,"column":94}},"type":"binary-expr","locations":[{"start":{"line":46,"column":75},"end":{"line":46,"column":89}},{"start":{"line":46,"column":93},"end":{"line":46,"column":94}}],"line":46},"19":{"loc":{"start":{"line":46,"column":108},"end":{"line":46,"column":128}},"type":"binary-expr","locations":[{"start":{"line":46,"column":108},"end":{"line":46,"column":123}},{"start":{"line":46,"column":127},"end":{"line":46,"column":128}}],"line":46},"20":{"loc":{"start":{"line":46,"column":140},"end":{"line":46,"column":158}},"type":"binary-expr","locations":[{"start":{"line":46,"column":140},"end":{"line":46,"column":153}},{"start":{"line":46,"column":157},"end":{"line":46,"column":158}}],"line":46},"21":{"loc":{"start":{"line":59,"column":4},"end":{"line":61,"column":5}},"type":"if","locations":[{"start":{"line":59,"column":4},"end":{"line":61,"column":5}},{"start":{},"end":{}}],"line":59},"22":{"loc":{"start":{"line":59,"column":8},"end":{"line":59,"column":49}},"type":"binary-expr","locations":[{"start":{"line":59,"column":8},"end":{"line":59,"column":12}},{"start":{"line":59,"column":17},"end":{"line":59,"column":28}},{"start":{"line":59,"column":32},"end":{"line":59,"column":48}}],"line":59},"23":{"loc":{"start":{"line":63,"column":4},"end":{"line":65,"column":5}},"type":"if","locations":[{"start":{"line":63,"column":4},"end":{"line":65,"column":5}},{"start":{},"end":{}}],"line":63},"24":{"loc":{"start":{"line":63,"column":8},"end":{"line":63,"column":75}},"type":"binary-expr","locations":[{"start":{"line":63,"column":8},"end":{"line":63,"column":13}},{"start":{"line":63,"column":18},"end":{"line":63,"column":30}},{"start":{"line":63,"column":34},"end":{"line":63,"column":51}},{"start":{"line":63,"column":55},"end":{"line":63,"column":74}}],"line":63},"25":{"loc":{"start":{"line":67,"column":4},"end":{"line":72,"column":5}},"type":"if","locations":[{"start":{"line":67,"column":4},"end":{"line":72,"column":5}},{"start":{},"end":{}}],"line":67},"26":{"loc":{"start":{"line":69,"column":8},"end":{"line":71,"column":9}},"type":"if","locations":[{"start":{"line":69,"column":8},"end":{"line":71,"column":9}},{"start":{},"end":{}}],"line":69},"27":{"loc":{"start":{"line":74,"column":4},"end":{"line":79,"column":5}},"type":"if","locations":[{"start":{"line":74,"column":4},"end":{"line":79,"column":5}},{"start":{},"end":{}}],"line":74},"28":{"loc":{"start":{"line":76,"column":8},"end":{"line":78,"column":9}},"type":"if","locations":[{"start":{"line":76,"column":8},"end":{"line":78,"column":9}},{"start":{},"end":{}}],"line":76},"29":{"loc":{"start":{"line":90,"column":4},"end":{"line":92,"column":5}},"type":"if","locations":[{"start":{"line":90,"column":4},"end":{"line":92,"column":5}},{"start":{},"end":{}}],"line":90},"30":{"loc":{"start":{"line":94,"column":12},"end":{"line":94,"column":20}},"type":"default-arg","locations":[{"start":{"line":94,"column":19},"end":{"line":94,"column":20}}],"line":94},"31":{"loc":{"start":{"line":94,"column":22},"end":{"line":94,"column":32}},"type":"default-arg","locations":[{"start":{"line":94,"column":30},"end":{"line":94,"column":32}}],"line":94},"32":{"loc":{"start":{"line":98,"column":18},"end":{"line":98,"column":34}},"type":"binary-expr","locations":[{"start":{"line":98,"column":18},"end":{"line":98,"column":26}},{"start":{"line":98,"column":30},"end":{"line":98,"column":34}}],"line":98},"33":{"loc":{"start":{"line":99,"column":16},"end":{"line":99,"column":30}},"type":"binary-expr","locations":[{"start":{"line":99,"column":16},"end":{"line":99,"column":22}},{"start":{"line":99,"column":26},"end":{"line":99,"column":30}}],"line":99},"34":{"loc":{"start":{"line":115,"column":4},"end":{"line":117,"column":5}},"type":"if","locations":[{"start":{"line":115,"column":4},"end":{"line":117,"column":5}},{"start":{},"end":{}}],"line":115},"35":{"loc":{"start":{"line":139,"column":4},"end":{"line":141,"column":5}},"type":"if","locations":[{"start":{"line":139,"column":4},"end":{"line":141,"column":5}},{"start":{},"end":{}}],"line":139},"36":{"loc":{"start":{"line":139,"column":8},"end":{"line":139,"column":24}},"type":"binary-expr","locations":[{"start":{"line":139,"column":8},"end":{"line":139,"column":11}},{"start":{"line":139,"column":15},"end":{"line":139,"column":24}}],"line":139},"37":{"loc":{"start":{"line":158,"column":4},"end":{"line":160,"column":5}},"type":"if","locations":[{"start":{"line":158,"column":4},"end":{"line":160,"column":5}},{"start":{},"end":{}}],"line":158},"38":{"loc":{"start":{"line":158,"column":8},"end":{"line":158,"column":24}},"type":"binary-expr","locations":[{"start":{"line":158,"column":8},"end":{"line":158,"column":11}},{"start":{"line":158,"column":15},"end":{"line":158,"column":24}}],"line":158},"39":{"loc":{"start":{"line":164,"column":4},"end":{"line":170,"column":5}},"type":"if","locations":[{"start":{"line":164,"column":4},"end":{"line":170,"column":5}},{"start":{},"end":{}}],"line":164},"40":{"loc":{"start":{"line":164,"column":8},"end":{"line":164,"column":57}},"type":"binary-expr","locations":[{"start":{"line":164,"column":8},"end":{"line":164,"column":21}},{"start":{"line":164,"column":25},"end":{"line":164,"column":57}}],"line":164},"41":{"loc":{"start":{"line":167,"column":8},"end":{"line":169,"column":9}},"type":"if","locations":[{"start":{"line":167,"column":8},"end":{"line":169,"column":9}},{"start":{},"end":{}}],"line":167},"42":{"loc":{"start":{"line":187,"column":4},"end":{"line":189,"column":5}},"type":"if","locations":[{"start":{"line":187,"column":4},"end":{"line":189,"column":5}},{"start":{},"end":{}}],"line":187},"43":{"loc":{"start":{"line":187,"column":8},"end":{"line":187,"column":24}},"type":"binary-expr","locations":[{"start":{"line":187,"column":8},"end":{"line":187,"column":11}},{"start":{"line":187,"column":15},"end":{"line":187,"column":24}}],"line":187},"44":{"loc":{"start":{"line":207,"column":4},"end":{"line":212,"column":5}},"type":"if","locations":[{"start":{"line":207,"column":4},"end":{"line":212,"column":5}},{"start":{},"end":{}}],"line":207},"45":{"loc":{"start":{"line":209,"column":8},"end":{"line":211,"column":9}},"type":"if","locations":[{"start":{"line":209,"column":8},"end":{"line":211,"column":9}},{"start":{},"end":{}}],"line":209},"46":{"loc":{"start":{"line":214,"column":4},"end":{"line":219,"column":5}},"type":"if","locations":[{"start":{"line":214,"column":4},"end":{"line":219,"column":5}},{"start":{},"end":{}}],"line":214},"47":{"loc":{"start":{"line":216,"column":8},"end":{"line":218,"column":9}},"type":"if","locations":[{"start":{"line":216,"column":8},"end":{"line":218,"column":9}},{"start":{},"end":{}}],"line":216},"48":{"loc":{"start":{"line":222,"column":18},"end":{"line":222,"column":34}},"type":"binary-expr","locations":[{"start":{"line":222,"column":18},"end":{"line":222,"column":26}},{"start":{"line":222,"column":30},"end":{"line":222,"column":34}}],"line":222},"49":{"loc":{"start":{"line":223,"column":16},"end":{"line":223,"column":30}},"type":"binary-expr","locations":[{"start":{"line":223,"column":16},"end":{"line":223,"column":22}},{"start":{"line":223,"column":26},"end":{"line":223,"column":30}}],"line":223}},"s":{"0":5,"1":5,"2":5,"3":5,"4":5,"5":20,"6":20,"7":20,"8":1,"9":19,"10":19,"11":0,"12":20,"13":1,"14":20,"15":0,"16":20,"17":0,"18":20,"19":0,"20":20,"21":1,"22":20,"23":19,"24":19,"25":7,"26":20,"27":5,"28":4,"29":4,"30":4,"31":0,"32":4,"33":0,"34":4,"35":0,"36":0,"37":0,"38":4,"39":0,"40":0,"41":0,"42":4,"43":5,"44":4,"45":4,"46":0,"47":4,"48":4,"49":4,"50":5,"51":19,"52":19,"53":8,"54":11,"55":10,"56":0,"57":10,"58":5,"59":0,"60":0,"61":0,"62":0,"63":0,"64":5,"65":1,"66":1,"67":0,"68":1,"69":1,"70":1,"71":2,"72":1,"73":0,"74":1,"75":1,"76":5,"77":1,"78":1,"79":0,"80":1,"81":1,"82":5,"83":0,"84":0,"85":0,"86":0,"87":0,"88":0,"89":0,"90":0,"91":0,"92":0,"93":0},"f":{"0":20,"1":4,"2":4,"3":19,"4":0,"5":0,"6":1,"7":2,"8":1,"9":0},"b":{"0":[1,19],"1":[0,19],"2":[1,19],"3":[20,19,19,19],"4":[0,20],"5":[20,19,19,19],"6":[0,20],"7":[20,19,19,19],"8":[0,20],"9":[20,19,19,19],"10":[1,19],"11":[20,20,20,20],"12":[19,1],"13":[20,19,0,0],"14":[19,0],"15":[19,0],"16":[19,0],"17":[7,12],"18":[7,0],"19":[7,0],"20":[7,0],"21":[0,4],"22":[4,1,1],"23":[0,4],"24":[4,1,1,1],"25":[0,4],"26":[0,0],"27":[0,4],"28":[0,0],"29":[0,4],"30":[3],"31":[3],"32":[4,4],"33":[4,4],"34":[8,11],"35":[0,0],"36":[0,0],"37":[0,1],"38":[1,1],"39":[1,0],"40":[1,1],"41":[0,1],"42":[0,1],"43":[1,1],"44":[0,0],"45":[0,0],"46":[0,0],"47":[0,0],"48":[0,0],"49":[0,0]},"_coverageSchema":"1a1c01bbd47fc00a2c39e90264f33305004495a9","hash":"177b672a01da47d414eb2d63ff5332ee1c4c3114"}
,"/app/src/middlewares/auth.middleware.js": {"path":"/app/src/middlewares/auth.middleware.js","statementMap":{"0":{"start":{"line":1,"column":17},"end":{"line":1,"column":45}},"1":{"start":{"line":2,"column":30},"end":{"line":2,"column":66}},"2":{"start":{"line":4,"column":0},"end":{"line":19,"column":2}},"3":{"start":{"line":5,"column":19},"end":{"line":5,"column":50}},"4":{"start":{"line":6,"column":26},"end":{"line":6,"column":43}},"5":{"start":{"line":8,"column":4},"end":{"line":10,"column":5}},"6":{"start":{"line":9,"column":8},"end":{"line":9,"column":82}},"7":{"start":{"line":12,"column":4},"end":{"line":18,"column":5}},"8":{"start":{"line":13,"column":24},"end":{"line":13,"column":48}},"9":{"start":{"line":14,"column":8},"end":{"line":14,"column":27}},"10":{"start":{"line":15,"column":8},"end":{"line":15,"column":22}},"11":{"start":{"line":17,"column":8},"end":{"line":17,"column":67}}},"fnMap":{"0":{"name":"(anonymous_0)","decl":{"start":{"line":4,"column":17},"end":{"line":4,"column":18}},"loc":{"start":{"line":4,"column":37},"end":{"line":19,"column":1}},"line":4}},"branchMap":{"0":{"loc":{"start":{"line":5,"column":19},"end":{"line":5,"column":50}},"type":"binary-expr","locations":[{"start":{"line":5,"column":19},"end":{"line":5,"column":44}},{"start":{"line":5,"column":48},"end":{"line":5,"column":50}}],"line":5},"1":{"loc":{"start":{"line":8,"column":4},"end":{"line":10,"column":5}},"type":"if","locations":[{"start":{"line":8,"column":4},"end":{"line":10,"column":5}},{"start":{},"end":{}}],"line":8},"2":{"loc":{"start":{"line":8,"column":8},"end":{"line":8,"column":35}},"type":"binary-expr","locations":[{"start":{"line":8,"column":8},"end":{"line":8,"column":25}},{"start":{"line":8,"column":29},"end":{"line":8,"column":35}}],"line":8}},"s":{"0":5,"1":5,"2":5,"3":103,"4":103,"5":103,"6":4,"7":99,"8":99,"9":97,"10":97,"11":2},"f":{"0":103},"b":{"0":[103,4],"1":[4,99],"2":[103,99]},"_coverageSchema":"1a1c01bbd47fc00a2c39e90264f33305004495a9","hash":"a9baae71bce0ff5d047699ab2b0eb1b107ee38b1"}
,"/app/src/middlewares/error.middleware.js": {"path":"/app/src/middlewares/error.middleware.js","statementMap":{"0":{"start":{"line":1,"column":17},"end":{"line":1,"column":45}},"1":{"start":{"line":3,"column":0},"end":{"line":21,"column":2}},"2":{"start":{"line":4,"column":19},"end":{"line":4,"column":40}},"3":{"start":{"line":5,"column":20},"end":{"line":5,"column":58}},"4":{"start":{"line":8,"column":20},"end":{"line":13,"column":5}},"5":{"start":{"line":16,"column":4},"end":{"line":18,"column":5}},"6":{"start":{"line":20,"column":4},"end":{"line":20,"column":37}}},"fnMap":{"0":{"name":"(anonymous_0)","decl":{"start":{"line":3,"column":17},"end":{"line":3,"column":18}},"loc":{"start":{"line":3,"column":42},"end":{"line":21,"column":1}},"line":3}},"branchMap":{"0":{"loc":{"start":{"line":4,"column":19},"end":{"line":4,"column":40}},"type":"binary-expr","locations":[{"start":{"line":4,"column":19},"end":{"line":4,"column":33}},{"start":{"line":4,"column":37},"end":{"line":4,"column":40}}],"line":4},"1":{"loc":{"start":{"line":5,"column":20},"end":{"line":5,"column":58}},"type":"binary-expr","locations":[{"start":{"line":5,"column":20},"end":{"line":5,"column":31}},{"start":{"line":5,"column":35},"end":{"line":5,"column":58}}],"line":5},"2":{"loc":{"start":{"line":11,"column":16},"end":{"line":11,"column":59}},"type":"cond-expr","locations":[{"start":{"line":11,"column":30},"end":{"line":11,"column":54}},{"start":{"line":11,"column":57},"end":{"line":11,"column":59}}],"line":11},"3":{"loc":{"start":{"line":16,"column":4},"end":{"line":18,"column":5}},"type":"if","locations":[{"start":{"line":16,"column":4},"end":{"line":18,"column":5}},{"start":{},"end":{}}],"line":16},"4":{"loc":{"start":{"line":16,"column":8},"end":{"line":16,"column":52}},"type":"binary-expr","locations":[{"start":{"line":16,"column":8},"end":{"line":16,"column":34}},{"start":{"line":16,"column":38},"end":{"line":16,"column":52}}],"line":16}},"s":{"0":5,"1":5,"2":33,"3":33,"4":33,"5":33,"6":33},"f":{"0":33},"b":{"0":[33,0],"1":[33,0],"2":[17,16],"3":[0,33],"4":[33,0]},"_coverageSchema":"1a1c01bbd47fc00a2c39e90264f33305004495a9","hash":"5b04e472aeaad8dfc9604974bb484af258dce105"}
,"/app/src/middlewares/validate.middleware.js": {"path":"/app/src/middlewares/validate.middleware.js","statementMap":{"0":{"start":{"line":1,"column":17},"end":{"line":1,"column":45}},"1":{"start":{"line":3,"column":0},"end":{"line":7,"column":2}},"2":{"start":{"line":3,"column":31},"end":{"line":7,"column":1}},"3":{"start":{"line":4,"column":19},"end":{"line":4,"column":32}},"4":{"start":{"line":5,"column":4},"end":{"line":5,"column":82}},"5":{"start":{"line":5,"column":23},"end":{"line":5,"column":82}},"6":{"start":{"line":6,"column":4},"end":{"line":6,"column":11}}},"fnMap":{"0":{"name":"(anonymous_0)","decl":{"start":{"line":3,"column":17},"end":{"line":3,"column":18}},"loc":{"start":{"line":3,"column":31},"end":{"line":7,"column":1}},"line":3},"1":{"name":"(anonymous_1)","decl":{"start":{"line":3,"column":31},"end":{"line":3,"column":32}},"loc":{"start":{"line":3,"column":51},"end":{"line":7,"column":1}},"line":3}},"branchMap":{"0":{"loc":{"start":{"line":5,"column":4},"end":{"line":5,"column":82}},"type":"if","locations":[{"start":{"line":5,"column":4},"end":{"line":5,"column":82}},{"start":{},"end":{}}],"line":5}},"s":{"0":5,"1":5,"2":10,"3":19,"4":19,"5":4,"6":15},"f":{"0":10,"1":19},"b":{"0":[4,15]},"_coverageSchema":"1a1c01bbd47fc00a2c39e90264f33305004495a9","hash":"478cad93cf5f7494b40bf3bbc06220cb2f93e50c"}
[...]
cl":{"start":{"line":121,"column":15},"end":{"line":121,"column":32}},"loc":{"start":{"line":121,"column":59},"end":{"line":201,"column":1}},"line":121},"4":{"name":"deleteSleepRecord","decl":{"start":{"line":206,"column":15},"end":{"line":206,"column":32}},"loc":{"start":{"line":206,"column":50},"end":{"line":217,"column":1}},"line":206},"5":{"name":"getSleepStats","decl":{"start":{"line":222,"column":15},"end":{"line":222,"column":28}},"loc":{"start":{"line":222,"column":64},"end":{"line":289,"column":1}},"line":222}},"branchMap":{"0":{"loc":{"start":{"line":8,"column":4},"end":{"line":10,"column":5}},"type":"if","locations":[{"start":{"line":8,"column":4},"end":{"line":10,"column":5}},{"start":{},"end":{}}],"line":8},"1":{"loc":{"start":{"line":8,"column":8},"end":{"line":8,"column":28}},"type":"binary-expr","locations":[{"start":{"line":8,"column":8},"end":{"line":8,"column":13}},{"start":{"line":8,"column":17},"end":{"line":8,"column":28}}],"line":8},"2":{"loc":{"start":{"line":13,"column":29},"end":{"line":13,"column":48}},"type":"binary-expr","locations":[{"start":{"line":13,"column":29},"end":{"line":13,"column":43}},{"start":{"line":13,"column":47},"end":{"line":13,"column":48}}],"line":13},"3":{"loc":{"start":{"line":13,"column":53},"end":{"line":13,"column":73}},"type":"binary-expr","locations":[{"start":{"line":13,"column":53},"end":{"line":13,"column":68}},{"start":{"line":13,"column":72},"end":{"line":13,"column":73}}],"line":13},"4":{"loc":{"start":{"line":13,"column":78},"end":{"line":13,"column":96}},"type":"binary-expr","locations":[{"start":{"line":13,"column":78},"end":{"line":13,"column":91}},{"start":{"line":13,"column":95},"end":{"line":13,"column":96}}],"line":13},"5":{"loc":{"start":{"line":14,"column":4},"end":{"line":18,"column":5}},"type":"if","locations":[{"start":{"line":14,"column":4},"end":{"line":18,"column":5}},{"start":{},"end":{}}],"line":14},"6":{"loc":{"start":{"line":16,"column":91},"end":{"line":16,"column":110}},"type":"binary-expr","locations":[{"start":{"line":16,"column":91},"end":{"line":16,"column":105}},{"start":{"line":16,"column":109},"end":{"line":16,"column":110}}],"line":16},"7":{"loc":{"start":{"line":16,"column":124},"end":{"line":16,"column":144}},"type":"binary-expr","locations":[{"start":{"line":16,"column":124},"end":{"line":16,"column":139}},{"start":{"line":16,"column":143},"end":{"line":16,"column":144}}],"line":16},"8":{"loc":{"start":{"line":16,"column":156},"end":{"line":16,"column":174}},"type":"binary-expr","locations":[{"start":{"line":16,"column":156},"end":{"line":16,"column":169}},{"start":{"line":16,"column":173},"end":{"line":16,"column":174}}],"line":16},"9":{"loc":{"start":{"line":26,"column":4},"end":{"line":28,"column":5}},"type":"if","locations":[{"start":{"line":26,"column":4},"end":{"line":28,"column":5}},{"start":{},"end":{}}],"line":26},"10":{"loc":{"start":{"line":33,"column":35},"end":{"line":33,"column":57}},"type":"binary-expr","locations":[{"start":{"line":33,"column":35},"end":{"line":33,"column":49}},{"start":{"line":33,"column":53},"end":{"line":33,"column":57}}],"line":33},"11":{"loc":{"start":{"line":33,"column":59},"end":{"line":33,"column":82}},"type":"binary-expr","locations":[{"start":{"line":33,"column":59},"end":{"line":33,"column":74}},{"start":{"line":33,"column":78},"end":{"line":33,"column":82}}],"line":33},"12":{"loc":{"start":{"line":33,"column":84},"end":{"line":33,"column":105}},"type":"binary-expr","locations":[{"start":{"line":33,"column":84},"end":{"line":33,"column":97}},{"start":{"line":33,"column":101},"end":{"line":33,"column":105}}],"line":33},"13":{"loc":{"start":{"line":33,"column":107},"end":{"line":33,"column":127}},"type":"binary-expr","locations":[{"start":{"line":33,"column":107},"end":{"line":33,"column":119}},{"start":{"line":33,"column":123},"end":{"line":33,"column":127}}],"line":33},"14":{"loc":{"start":{"line":33,"column":129},"end":{"line":33,"column":142}},"type":"binary-expr","locations":[{"start":{"line":33,"column":129},"end":{"line":33,"column":134}},{"start":{"line":33,"column":138},"end":{"line":33,"column":142}}],"line":33},"15":{"loc":{"start":{"line":41,"column":24},"end":{"line":41,"column":46}},"type":"binary-expr","locations":[{"start":{"line":41,"column":24},"end":{"line":41,"column":38}},{"start":{"line":41,"column":42},"end":{"line":41,"column":46}}],"line":41},"16":{"loc":{"start":{"line":42,"column":25},"end":{"line":42,"column":48}},"type":"binary-expr","locations":[{"start":{"line":42,"column":25},"end":{"line":42,"column":40}},{"start":{"line":42,"column":44},"end":{"line":42,"column":48}}],"line":42},"17":{"loc":{"start":{"line":43,"column":23},"end":{"line":43,"column":44}},"type":"binary-expr","locations":[{"start":{"line":43,"column":23},"end":{"line":43,"column":36}},{"start":{"line":43,"column":40},"end":{"line":43,"column":44}}],"line":43},"18":{"loc":{"start":{"line":44,"column":22},"end":{"line":44,"column":42}},"type":"binary-expr","locations":[{"start":{"line":44,"column":22},"end":{"line":44,"column":34}},{"start":{"line":44,"column":38},"end":{"line":44,"column":42}}],"line":44},"19":{"loc":{"start":{"line":45,"column":15},"end":{"line":45,"column":28}},"type":"binary-expr","locations":[{"start":{"line":45,"column":15},"end":{"line":45,"column":20}},{"start":{"line":45,"column":24},"end":{"line":45,"column":28}}],"line":45},"20":{"loc":{"start":{"line":61,"column":4},"end":{"line":63,"column":5}},"type":"if","locations":[{"start":{"line":61,"column":4},"end":{"line":63,"column":5}},{"start":{},"end":{}}],"line":61},"21":{"loc":{"start":{"line":71,"column":41},"end":{"line":71,"column":49}},"type":"default-arg","locations":[{"start":{"line":71,"column":48},"end":{"line":71,"column":49}}],"line":71},"22":{"loc":{"start":{"line":71,"column":51},"end":{"line":71,"column":61}},"type":"default-arg","locations":[{"start":{"line":71,"column":59},"end":{"line":71,"column":61}}],"line":71},"23":{"loc":{"start":{"line":78,"column":4},"end":{"line":81,"column":5}},"type":"if","locations":[{"start":{"line":78,"column":4},"end":{"line":81,"column":5}},{"start":{},"end":{}}],"line":78},"24":{"loc":{"start":{"line":83,"column":4},"end":{"line":86,"column":5}},"type":"if","locations":[{"start":{"line":83,"column":4},"end":{"line":86,"column":5}},{"start":{},"end":{}}],"line":83},"25":{"loc":{"start":{"line":128,"column":4},"end":{"line":130,"column":5}},"type":"if","locations":[{"start":{"line":128,"column":4},"end":{"line":130,"column":5}},{"start":{},"end":{}}],"line":128},"26":{"loc":{"start":{"line":133,"column":4},"end":{"line":142,"column":5}},"type":"if","locations":[{"start":{"line":133,"column":4},"end":{"line":142,"column":5}},{"start":{},"end":{}}],"line":133},"27":{"loc":{"start":{"line":133,"column":8},"end":{"line":133,"column":63}},"type":"binary-expr","locations":[{"start":{"line":133,"column":8},"end":{"line":133,"column":20}},{"start":{"line":133,"column":24},"end":{"line":133,"column":63}}],"line":133},"28":{"loc":{"start":{"line":139,"column":8},"end":{"line":141,"column":9}},"type":"if","locations":[{"start":{"line":139,"column":8},"end":{"line":141,"column":9}},{"start":{},"end":{}}],"line":139},"29":{"loc":{"start":{"line":145,"column":4},"end":{"line":156,"column":5}},"type":"if","locations":[{"start":{"line":145,"column":4},"end":{"line":156,"column":5}},{"start":{},"end":{}}],"line":145},"30":{"loc":{"start":{"line":145,"column":8},"end":{"line":145,"column":160}},"type":"binary-expr","locations":[{"start":{"line":145,"column":8},"end":{"line":145,"column":40}},{"start":{"line":145,"column":44},"end":{"line":145,"column":80}},{"start":{"line":145,"column":84},"end":{"line":145,"column":121}},{"start":{"line":145,"column":125},"end":{"line":145,"column":160}}],"line":145},"31":{"loc":{"start":{"line":147,"column":25},"end":{"line":147,"column":72}},"type":"binary-expr","locations":[{"start":{"line":147,"column":25},"end":{"line":147,"column":43}},{"start":{"line":147,"column":47},"end":{"line":147,"column":72}}],"line":147},"32":{"loc":{"start":{"line":148,"column":24},"end":{"line":148,"column":87}},"type":"binary-expr","locations":[{"start":{"line":148,"column":24},"end":{"line":148,"column":46}},{"start":{"line":148,"column":51},"end":{"line":148,"column":81}},{"start":{"line":148,"column":85},"end":{"line":148,"column":86}}],"line":148},"33":{"loc":{"start":{"line":149,"column":25},"end":{"line":149,"column":90}},"type":"binary-expr","locations":[{"start":{"line":149,"column":25},"end":{"line":149,"column":48}},{"start":{"line":149,"column":53},"end":{"line":149,"column":84}},{"start":{"line":149,"column":88},"end":{"line":149,"column":89}}],"line":149},"34":{"loc":{"start":{"line":150,"column":23},"end":{"line":150,"column":84}},"type":"binary-expr","locations":[{"start":{"line":150,"column":23},"end":{"line":150,"column":44}},{"start":{"line":150,"column":49},"end":{"line":150,"column":78}},{"start":{"line":150,"column":82},"end":{"line":150,"column":83}}],"line":150},"35":{"loc":{"start":{"line":153,"column":8},"end":{"line":155,"column":9}},"type":"if","locations":[{"start":{"line":153,"column":8},"end":{"line":155,"column":9}},{"start":{},"end":{}}],"line":153},"36":{"loc":{"start":{"line":164,"column":8},"end":{"line":174,"column":9}},"type":"if","locations":[{"start":{"line":164,"column":8},"end":{"line":174,"column":9}},{"start":{},"end":{}}],"line":164},"37":{"loc":{"start":{"line":165,"column":28},"end":{"line":171,"column":43}},"type":"cond-expr","locations":[{"start":{"line":165,"column":47},"end":{"line":165,"column":59}},{"start":{"line":166,"column":18},"end":{"line":171,"column":43}}],"line":165},"38":{"loc":{"start":{"line":166,"column":18},"end":{"line":171,"column":43}},"type":"cond-expr","locations":[{"start":{"line":166,"column":43},"end":{"line":166,"column":56}},{"start":{"line":167,"column":22},"end":{"line":171,"column":43}}],"line":166},"39":{"loc":{"start":{"line":167,"column":22},"end":{"line":171,"column":43}},"type":"cond-expr","locations":[{"start":{"line":167,"column":51},"end":{"line":167,"column":69}},{"start":{"line":168,"column":26},"end":{"line":171,"column":43}}],"line":167},"40":{"loc":{"start":{"line":168,"column":26},"end":{"line":171,"column":43}},"type":"cond-expr","locations":[{"start":{"line":168,"column":56},"end":{"line":168,"column":75}},{"start":{"line":169,"column":30},"end":{"line":171,"column":43}}],"line":168},"41":{"loc":{"start":{"line":169,"column":30},"end":{"line":171,"column":43}},"type":"cond-expr","locations":[{"start":{"line":169,"column":58},"end":{"line":169,"column":75}},{"start":{"line":170,"column":34},"end":{"line":171,"column":43}}],"line":169},"42":{"loc":{"start":{"line":170,"column":34},"end":{"line":171,"column":43}},"type":"cond-expr","locations":[{"start":{"line":170,"column":61},"end":{"line":170,"column":76}},{"start":{"line":171,"column":38},"end":{"line":171,"column":43}}],"line":170},"43":{"loc":{"start":{"line":177,"column":4},"end":{"line":179,"column":5}},"type":"if","locations":[{"start":{"line":177,"column":4},"end":{"line":179,"column":5}},{"start":{},"end":{}}],"line":177},"44":{"loc":{"start":{"line":188,"column":4},"end":{"line":190,"column":5}},"type":"if","locations":[{"start":{"line":188,"column":4},"end":{"line":190,"column":5}},{"start":{},"end":{}}],"line":188},"45":{"loc":{"start":{"line":212,"column":4},"end":{"line":214,"column":5}},"type":"if","locations":[{"start":{"line":212,"column":4},"end":{"line":214,"column":5}},{"start":{},"end":{}}],"line":212},"46":{"loc":{"start":{"line":222,"column":37},"end":{"line":222,"column":62}},"type":"default-arg","locations":[{"start":{"line":222,"column":60},"end":{"line":222,"column":62}}],"line":222},"47":{"loc":{"start":{"line":226,"column":4},"end":{"line":229,"column":5}},"type":"if","locations":[{"start":{"line":226,"column":4},"end":{"line":229,"column":5}},{"start":{},"end":{}}],"line":226},"48":{"loc":{"start":{"line":231,"column":4},"end":{"line":234,"column":5}},"type":"if","locations":[{"start":{"line":231,"column":4},"end":{"line":234,"column":5}},{"start":{},"end":{}}],"line":231},"49":{"loc":{"start":{"line":262,"column":4},"end":{"line":265,"column":5}},"type":"if","locations":[{"start":{"line":262,"column":4},"end":{"line":265,"column":5}},{"start":{},"end":{}}],"line":262},"50":{"loc":{"start":{"line":287,"column":27},"end":{"line":287,"column":43}},"type":"binary-expr","locations":[{"start":{"line":287,"column":27},"end":{"line":287,"column":35}},{"start":{"line":287,"column":39},"end":{"line":287,"column":43}}],"line":287},"51":{"loc":{"start":{"line":287,"column":49},"end":{"line":287,"column":63}},"type":"binary-expr","locations":[{"start":{"line":287,"column":49},"end":{"line":287,"column":55}},{"start":{"line":287,"column":59},"end":{"line":287,"column":63}}],"line":287}},"s":{"0":5,"1":5,"2":11,"3":0,"4":11,"5":11,"6":0,"7":11,"8":11,"9":1,"10":10,"11":10,"12":0,"13":0,"14":0,"15":0,"16":4,"17":4,"18":4,"19":4,"20":0,"21":0,"22":4,"23":0,"24":0,"25":4,"26":4,"27":4,"28":4,"29":4,"30":1,"31":1,"32":0,"33":1,"34":0,"35":0,"36":0,"37":1,"38":0,"39":0,"40":0,"41":0,"42":0,"43":0,"44":0,"45":0,"46":1,"47":1,"48":1,"49":1,"50":7,"51":1,"52":1,"53":1,"54":1,"55":0,"56":1,"57":1,"58":1,"59":0,"60":1,"61":1,"62":1,"63":1,"64":0,"65":1,"66":0,"67":0,"68":0,"69":0,"70":0,"71":0,"72":0,"73":0,"74":0,"75":0,"76":0,"77":0,"78":0,"79":0,"80":0,"81":0,"82":0,"83":0,"84":0,"85":5},"f":{"0":11,"1":0,"2":4,"3":1,"4":1,"5":0},"b":{"0":[0,11],"1":[11,11],"2":[11,0],"3":[11,0],"4":[11,0],"5":[0,11],"6":[0,0],"7":[0,0],"8":[0,0],"9":[1,10],"10":[10,0],"11":[10,0],"12":[10,0],"13":[10,0],"14":[10,10],"15":[10,0],"16":[10,0],"17":[10,0],"18":[10,0],"19":[10,10],"20":[0,0],"21":[0],"22":[0],"23":[0,4],"24":[0,4],"25":[0,1],"26":[0,1],"27":[1,0],"28":[0,0],"29":[0,1],"30":[1,1,1,1],"31":[0,0],"32":[0,0,0],"33":[0,0,0],"34":[0,0,0],"35":[0,0],"36":[1,6],"37":[0,1],"38":[0,1],"39":[0,1],"40":[0,1],"41":[0,1],"42":[1,0],"43":[0,1],"44":[0,1],"45":[0,1],"46":[0],"47":[0,0],"48":[0,0],"49":[0,0],"50":[0,0],"51":[0,0]},"_coverageSchema":"1a1c01bbd47fc00a2c39e90264f33305004495a9","hash":"ab6dccf3f4b737432253457e000c58340958e0d1"}
,"/app/src/services/token.service.js": {"path":"/app/src/services/token.service.js","statementMap":{"0":{"start":{"line":1,"column":12},"end":{"line":1,"column":35}},"1":{"start":{"line":2,"column":12},"end":{"line":2,"column":36}},"2":{"start":{"line":5,"column":4},"end":{"line":5,"column":80}},"3":{"start":{"line":9,"column":4},"end":{"line":9,"column":45}},"4":{"start":{"line":12,"column":0},"end":{"line":12,"column":56}}},"fnMap":{"0":{"name":"signAccessToken","decl":{"start":{"line":4,"column":9},"end":{"line":4,"column":24}},"loc":{"start":{"line":4,"column":34},"end":{"line":6,"column":1}},"line":4},"1":{"name":"verifyAccessToken","decl":{"start":{"line":8,"column":9},"end":{"line":8,"column":26}},"loc":{"start":{"line":8,"column":34},"end":{"line":10,"column":1}},"line":8}},"branchMap":{},"s":{"0":5,"1":5,"2":12,"3":99,"4":5},"f":{"0":12,"1":99},"b":{},"_coverageSchema":"1a1c01bbd47fc00a2c39e90264f33305004495a9","hash":"822bdb1de1ec3e458346ca1f0a9610fa8d264270"}
,"/app/src/services/user.service.js": {"path":"/app/src/services/user.service.js","statementMap":{"0":{"start":{"line":1,"column":13},"end":{"line":1,"column":36}},"1":{"start":{"line":4,"column":19},"end":{"line":10,"column":5}},"2":{"start":{"line":11,"column":4},"end":{"line":11,"column":27}},"3":{"start":{"line":15,"column":19},"end":{"line":21,"column":5}},"4":{"start":{"line":22,"column":4},"end":{"line":22,"column":27}},"5":{"start":{"line":26,"column":21},"end":{"line":30,"column":5}},"6":{"start":{"line":32,"column":4},"end":{"line":38,"column":6}},"7":{"start":{"line":41,"column":0},"end":{"line":41,"column":63}}},"fnMap":{"0":{"name":"findUserByEmail","decl":{"start":{"line":3,"column":15},"end":{"line":3,"column":30}},"loc":{"start":{"line":3,"column":38},"end":{"line":12,"column":1}},"line":3},"1":{"name":"findUserById","decl":{"start":{"line":14,"column":15},"end":{"line":14,"column":27}},"loc":{"start":{"line":14,"column":36},"end":{"line":23,"column":1}},"line":14},"2":{"name":"createUser","decl":{"start":{"line":25,"column":15},"end":{"line":25,"column":25}},"loc":{"start":{"line":25,"column":82},"end":{"line":39,"column":1}},"line":25}},"branchMap":{"0":{"loc":{"start":{"line":11,"column":11},"end":{"line":11,"column":26}},"type":"binary-expr","locations":[{"start":{"line":11,"column":11},"end":{"line":11,"column":18}},{"start":{"line":11,"column":22},"end":{"line":11,"column":26}}],"line":11},"1":{"loc":{"start":{"line":22,"column":11},"end":{"line":22,"column":26}},"type":"binary-expr","locations":[{"start":{"line":22,"column":11},"end":{"line":22,"column":18}},{"start":{"line":22,"column":22},"end":{"line":22,"column":26}}],"line":22},"2":{"loc":{"start":{"line":29,"column":40},"end":{"line":29,"column":57}},"type":"binary-expr","locations":[{"start":{"line":29,"column":40},"end":{"line":29,"column":49}},{"start":{"line":29,"column":53},"end":{"line":29,"column":57}}],"line":29},"3":{"loc":{"start":{"line":29,"column":59},"end":{"line":29,"column":75}},"type":"binary-expr","locations":[{"start":{"line":29,"column":59},"end":{"line":29,"column":67}},{"start":{"line":29,"column":71},"end":{"line":29,"column":75}}],"line":29},"4":{"loc":{"start":{"line":36,"column":20},"end":{"line":36,"column":37}},"type":"binary-expr","locations":[{"start":{"line":36,"column":20},"end":{"line":36,"column":29}},{"start":{"line":36,"column":33},"end":{"line":36,"column":37}}],"line":36},"5":{"loc":{"start":{"line":37,"column":19},"end":{"line":37,"column":35}},"type":"binary-expr","locations":[{"start":{"line":37,"column":19},"end":{"line":37,"column":27}},{"start":{"line":37,"column":31},"end":{"line":37,"column":35}}],"line":37}},"s":{"0":5,"1":15,"2":15,"3":1,"4":1,"5":11,"6":11,"7":5},"f":{"0":15,"1":1,"2":11},"b":{"0":[15,13],"1":[1,0],"2":[11,11],"3":[11,11],"4":[11,11],"5":[11,11]},"_coverageSchema":"1a1c01bbd47fc00a2c39e90264f33305004495a9","hash":"2833927d53bc1e0df5f0c56604e557937298773b"}
,"/app/src/utils/ApiError.js": {"path":"/app/src/utils/ApiError.js","statementMap":{"0":{"start":{"line":3,"column":8},"end":{"line":3,"column":23}},"1":{"start":{"line":4,"column":8},"end":{"line":4,"column":37}},"2":{"start":{"line":5,"column":8},"end":{"line":5,"column":31}},"3":{"start":{"line":8,"column":0},"end":{"line":8,"column":26}}},"fnMap":{"0":{"name":"(anonymous_0)","decl":{"start":{"line":2,"column":4},"end":{"line":2,"column":5}},"loc":{"start":{"line":2,"column":53},"end":{"line":6,"column":5}},"line":2}},"branchMap":{"0":{"loc":{"start":{"line":2,"column":37},"end":{"line":2,"column":51}},"type":"default-arg","locations":[{"start":{"line":2,"column":47},"end":{"line":2,"column":51}}],"line":2}},"s":{"0":33,"1":33,"2":33,"3":5},"f":{"0":33},"b":{"0":[16]},"_coverageSchema":"1a1c01bbd47fc00a2c39e90264f33305004495a9","hash":"17370e51d0773cf57cab781b4febf48fa3afee2d"}
,"/app/src/utils/asyncHandler.js": {"path":"/app/src/utils/asyncHandler.js","statementMap":{"0":{"start":{"line":1,"column":0},"end":{"line":2,"column":52}},"1":{"start":{"line":1,"column":25},"end":{"line":2,"column":51}},"2":{"start":{"line":2,"column":4},"end":{"line":2,"column":51}}},"fnMap":{"0":{"name":"(anonymous_0)","decl":{"start":{"line":1,"column":17},"end":{"line":1,"column":18}},"loc":{"start":{"line":1,"column":25},"end":{"line":2,"column":51}},"line":1},"1":{"name":"(anonymous_1)","decl":{"start":{"line":1,"column":25},"end":{"line":1,"column":26}},"loc":{"start":{"line":2,"column":4},"end":{"line":2,"column":51}},"line":2}},"branchMap":{},"s":{"0":5,"1":140,"2":112},"f":{"0":140,"1":112},"b":{},"_coverageSchema":"1a1c01bbd47fc00a2c39e90264f33305004495a9","hash":"9e4460dae8a731bb199f65e21d4caaf6568fe8f9"}
,"/app/src/utils/response.js": {"path":"/app/src/utils/response.js","statementMap":{},"fnMap":{},"branchMap":{},"s":{},"f":{},"b":{}}
}
