TN:
SF:src/app.js
FN:18,(anonymous_0)
FNF:1
FNH:0
FNDA:0,(anonymous_0)
DA:1,5
DA:2,5
DA:4,5
DA:5,5
DA:6,5
DA:7,5
DA:8,5
DA:9,5
DA:10,5
DA:11,5
DA:13,5
DA:15,5
DA:16,5
DA:18,5
DA:20,5
DA:21,5
DA:22,5
DA:23,5
DA:24,5
DA:25,5
DA:26,5
DA:29,5
DA:31,5
LF:23
LH:23
BRF:0
BRH:0
end_of_record
TN:
SF:src/controllers/activity.controller.js
FN:7,(anonymous_0)
FN:48,(anonymous_1)
FN:88,(anonymous_2)
FN:114,(anonymous_3)
FN:123,(anonymous_4)
FN:137,(anonymous_5)
FN:156,(anonymous_6)
FN:181,(anonymous_7)
FN:200,(anonymous_8)
FNF:9
FNH:7
FNDA:24,(anonymous_0)
FNDA:6,(anonymous_1)
FNDA:6,(anonymous_2)
FNDA:22,(anonymous_3)
FNDA:0,(anonymous_4)
FNDA:2,(anonymous_5)
FNDA:2,(anonymous_6)
FNDA:2,(anonymous_7)
FNDA:0,(anonymous_8)
DA:1,5
DA:2,5
DA:3,5
DA:4,5
DA:7,5
DA:8,24
DA:9,24
DA:11,24
DA:12,0
DA:14,24
DA:15,24
DA:16,1
DA:20,24
DA:21,1
DA:24,24
DA:25,0
DA:28,24
DA:29,0
DA:32,24
DA:33,0
DA:36,24
DA:37,0
DA:40,24
DA:41,0
DA:44,24
DA:48,5
DA:49,6
DA:50,6
DA:52,6
DA:53,0
DA:56,6
DA:57,0
DA:60,6
DA:61,1
DA:62,1
DA:63,0
DA:67,6
DA:68,0
DA:69,0
DA:70,0
DA:74,6
DA:75,0
DA:76,0
DA:77,0
DA:81,6
DA:88,5
DA:89,6
DA:90,6
DA:91,0
DA:94,6
DA:95,6
DA:103,6
DA:114,5
DA:115,22
DA:116,22
DA:117,2
DA:120,20
DA:123,20
DA:124,0
DA:127,20
DA:137,5
DA:138,2
DA:140,2
DA:141,0
DA:144,2
DA:146,0
DA:156,5
DA:157,2
DA:159,2
DA:160,0
DA:164,2
DA:165,2
DA:166,0
DA:169,2
DA:171,1
DA:181,5
DA:182,2
DA:184,2
DA:185,0
DA:188,2
DA:190,1
DA:200,5
DA:201,0
DA:204,0
DA:205,0
DA:206,0
DA:207,0
DA:211,0
DA:212,0
DA:213,0
DA:214,0
DA:218,0
DA:223,0
LF:93
LH:60
BRDA:11,0,0,0
BRDA:11,0,1,24
BRDA:15,1,0,1
BRDA:15,1,1,23
BRDA:20,2,0,1
BRDA:20,2,1,23
BRDA:20,3,0,24
BRDA:20,3,1,24
BRDA:20,3,2,24
BRDA:24,4,0,0
BRDA:24,4,1,24
BRDA:24,5,0,24
BRDA:24,5,1,22
BRDA:24,5,2,22
BRDA:28,6,0,0
BRDA:28,6,1,24
BRDA:28,7,0,24
BRDA:28,7,1,23
BRDA:28,7,2,23
BRDA:32,8,0,0
BRDA:32,8,1,24
BRDA:32,9,0,24
BRDA:32,9,1,0
BRDA:32,9,2,0
BRDA:36,10,0,0
BRDA:36,10,1,24
BRDA:36,11,0,24
BRDA:36,11,1,0
BRDA:36,11,2,0
BRDA:36,11,3,0
BRDA:40,12,0,0
BRDA:40,12,1,24
BRDA:40,13,0,24
BRDA:40,13,1,0
BRDA:40,13,2,0
BRDA:40,13,3,0
BRDA:52,14,0,0
BRDA:52,14,1,6
BRDA:52,15,0,6
BRDA:52,15,1,2
BRDA:52,15,2,2
BRDA:56,16,0,0
BRDA:56,16,1,6
BRDA:56,17,0,6
BRDA:56,17,1,2
BRDA:56,17,2,2
BRDA:56,17,3,2
BRDA:60,18,0,1
BRDA:60,18,1,5
BRDA:62,19,0,0
BRDA:62,19,1,1
BRDA:67,20,0,0
BRDA:67,20,1,6
BRDA:69,21,0,0
BRDA:69,21,1,0
BRDA:74,22,0,0
BRDA:74,22,1,6
BRDA:76,23,0,0
BRDA:76,23,1,0
BRDA:90,24,0,0
BRDA:90,24,1,6
BRDA:94,25,0,4
BRDA:94,26,0,4
BRDA:98,27,0,6
BRDA:98,27,1,5
BRDA:99,28,0,6
BRDA:99,28,1,6
BRDA:100,29,0,6
BRDA:100,29,1,6
BRDA:116,30,0,2
BRDA:116,30,1,20
BRDA:140,31,0,0
BRDA:140,31,1,2
BRDA:140,32,0,2
BRDA:140,32,1,2
BRDA:159,33,0,0
BRDA:159,33,1,2
BRDA:159,34,0,2
BRDA:159,34,1,2
BRDA:165,35,0,0
BRDA:165,35,1,2
BRDA:184,36,0,0
BRDA:184,36,1,2
BRDA:184,37,0,2
BRDA:184,37,1,2
BRDA:204,38,0,0
BRDA:204,38,1,0
BRDA:206,39,0,0
BRDA:206,39,1,0
BRDA:211,40,0,0
BRDA:211,40,1,0
BRDA:213,41,0,0
BRDA:213,41,1,0
BRDA:219,42,0,0
BRDA:219,42,1,0
BRDA:220,43,0,0
BRDA:220,43,1,0
BRF:97
BRH:57
end_of_record
TN:
SF:src/controllers/analytics.controller.js
FN:9,(anonymous_0)
FN:38,(anonymous_1)
FN:51,(anonymous_2)
FN:64,(anonymous_3)
FNF:4
FNH:0
FNDA:0,(anonymous_0)
FNDA:0,(anonymous_1)
FNDA:0,(anonymous_2)
FNDA:0,(anonymous_3)
DA:1,5
DA:2,5
DA:3,5
DA:9,5
DA:10,0
DA:12,0
DA:13,0
DA:16,0
DA:17,0
DA:18,0
DA:21,0
DA:22,0
DA:23,0
DA:26,0
DA:28,0
DA:38,5
DA:39,0
DA:41,0
DA:51,5
DA:52,0
DA:54,0
DA:64,5
DA:65,0
DA:67,0
LF:24
LH:7
BRDA:12,0,0,0
BRDA:12,0,1,0
BRDA:17,1,0,0
BRDA:17,1,1,0
BRDA:21,2,0,0
BRDA:21,2,1,0
BRDA:22,3,0,0
BRDA:22,3,1,0
BRF:8
BRH:0
end_of_record
TN:
SF:src/controllers/anomalies.controller.js
FN:9,(anonymous_0)
FN:78,(anonymous_1)
FN:111,(anonymous_2)
FN:156,(anonymous_3)
FNF:4
FNH:0
FNDA:0,(anonymous_0)
FNDA:0,(anonymous_1)
FNDA:0,(anonymous_2)
FNDA:0,(anonymous_3)
DA:1,5
DA:2,5
DA:3,5
DA:9,5
DA:10,0
DA:11,0
DA:12,0
DA:13,0
DA:16,0
DA:17,0
DA:19,0
DA:20,0
DA:21,0
DA:22,0
DA:25,0
DA:26,0
DA:27,0
DA:28,0
DA:30,0
DA:31,0
DA:34,0
DA:35,0
DA:36,0
DA:37,0
DA:39,0
DA:40,0
DA:44,0
DA:54,0
DA:59,0
DA:60,0
DA:62,0
DA:78,5
DA:79,0
DA:89,0
DA:96,0
DA:97,0
DA:98,0
DA:101,0
DA:111,5
DA:112,0
DA:114,0
DA:115,0
DA:119,0
DA:124,0
DA:125,0
DA:129,0
DA:134,0
DA:135,0
DA:139,0
DA:146,0
DA:156,5
DA:157,0
DA:162,0
LF:53
LH:7
BRDA:11,0,0,0
BRDA:11,0,1,0
BRDA:12,1,0,0
BRDA:12,1,1,0
BRDA:19,2,0,0
BRDA:19,2,1,0
BRDA:19,3,0,0
BRDA:19,3,1,0
BRDA:25,4,0,0
BRDA:25,4,1,0
BRDA:27,5,0,0
BRDA:27,5,1,0
BRDA:34,6,0,0
BRDA:34,6,1,0
BRDA:36,7,0,0
BRDA:36,7,1,0
BRDA:114,8,0,0
BRDA:114,8,1,0
BRDA:114,9,0,0
BRDA:114,9,1,0
BRDA:124,10,0,0
BRDA:124,10,1,0
BRDA:134,11,0,0
BRDA:134,11,1,0
BRF:24
BRH:0
end_of_record
TN:
SF:src/controllers/auth.controller.js
FN:4,(anonymous_0)
FN:9,(anonymous_1)
FN:14,(anonymous_2)
FNF:3
FNH:3
FNDA:12,(anonymous_0)
FNDA:3,(anonymous_1)
FNDA:1,(anonymous_2)
DA:1,5
DA:2,5
DA:4,5
DA:5,12
DA:6,11
DA:9,5
DA:10,3
DA:11,1
DA:14,5
DA:15,1
DA:16,1
LF:11
LH:11
BRF:0
BRH:0
end_of_record
TN:
SF:src/controllers/heart-rate.controller.js
FN:7,(anonymous_0)
FN:42,(anonymous_1)
FN:82,(anonymous_2)
FN:108,(anonymous_3)
FN:117,(anonymous_4)
FN:131,(anonymous_5)
FN:141,(anonymous_6)
FN:158,(anonymous_7)
FN:191,(anonymous_8)
FNF:9
FNH:7
FNDA:25,(anonymous_0)
FNDA:6,(anonymous_1)
FNDA:6,(anonymous_2)
FNDA:25,(anonymous_3)
FNDA:0,(anonymous_4)
FNDA:3,(anonymous_5)
FNDA:0,(anonymous_6)
FNDA:1,(anonymous_7)
FNDA:2,(anonymous_8)
DA:1,5
DA:2,5
DA:3,5
DA:4,5
DA:7,5
DA:8,25
DA:10,25
DA:11,0
DA:13,25
DA:14,25
DA:15,0
DA:16,25
DA:17,0
DA:21,25
DA:22,0
DA:23,25
DA:24,1
DA:27,25
DA:28,25
DA:29,25
DA:30,1
DA:34,25
DA:35,0
DA:38,25
DA:42,5
DA:43,6
DA:44,6
DA:46,6
DA:47,0
DA:50,6
DA:51,0
DA:54,6
DA:55,1
DA:56,1
DA:57,0
DA:61,6
DA:62,0
DA:63,0
DA:64,0
DA:68,6
DA:69,0
DA:70,0
DA:71,0
DA:75,6
DA:82,5
DA:83,6
DA:84,6
DA:85,0
DA:88,6
DA:89,6
DA:97,6
DA:108,5
DA:109,25
DA:110,25
DA:111,2
DA:114,23
DA:117,23
DA:118,0
DA:121,23
DA:131,5
DA:132,3
DA:134,3
DA:135,0
DA:138,3
DA:141,1
DA:142,0
DA:145,1
DA:158,5
DA:159,1
DA:162,1
DA:163,0
DA:164,0
DA:165,0
DA:169,1
DA:170,0
DA:171,0
DA:172,0
DA:176,1
DA:181,1
DA:191,5
DA:192,2
DA:194,2
DA:195,0
DA:198,2
DA:200,1
LF:85
LH:60
BRDA:10,0,0,0
BRDA:10,0,1,25
BRDA:14,1,0,0
BRDA:14,1,1,25
BRDA:16,2,0,0
BRDA:16,2,1,25
BRDA:21,3,0,0
BRDA:21,3,1,25
BRDA:21,4,0,25
BRDA:21,4,1,25
BRDA:23,5,0,1
BRDA:23,5,1,24
BRDA:23,6,0,25
BRDA:23,6,1,25
BRDA:27,7,0,25
BRDA:27,7,1,0
BRDA:29,8,0,1
BRDA:29,8,1,24
BRDA:34,9,0,0
BRDA:34,9,1,25
BRDA:34,10,0,25
BRDA:34,10,1,0
BRDA:46,11,0,0
BRDA:46,11,1,6
BRDA:46,12,0,6
BRDA:46,12,1,0
BRDA:46,12,2,0
BRDA:50,13,0,0
BRDA:50,13,1,6
BRDA:50,14,0,6
BRDA:50,14,1,1
BRDA:50,14,2,1
BRDA:50,14,3,1
BRDA:54,15,0,1
BRDA:54,15,1,5
BRDA:56,16,0,0
BRDA:56,16,1,1
BRDA:61,17,0,0
BRDA:61,17,1,6
BRDA:63,18,0,0
BRDA:63,18,1,0
BRDA:68,19,0,0
BRDA:68,19,1,6
BRDA:70,20,0,0
BRDA:70,20,1,0
BRDA:84,21,0,0
BRDA:84,21,1,6
BRDA:88,22,0,6
BRDA:88,23,0,5
BRDA:92,24,0,6
BRDA:92,24,1,5
BRDA:93,25,0,6
BRDA:93,25,1,6
BRDA:94,26,0,6
BRDA:94,26,1,6
BRDA:110,27,0,2
BRDA:110,27,1,23
BRDA:134,28,0,0
BRDA:134,28,1,3
BRDA:162,29,0,0
BRDA:162,29,1,1
BRDA:164,30,0,0
BRDA:164,30,1,0
BRDA:169,31,0,0
BRDA:169,31,1,1
BRDA:171,32,0,0
BRDA:171,32,1,0
BRDA:177,33,0,1
BRDA:177,33,1,1
BRDA:178,34,0,1
BRDA:178,34,1,1
BRDA:194,35,0,0
BRDA:194,35,1,2
BRDA:194,36,0,2
BRDA:194,36,1,2
BRF:75
BRH:48
end_of_record
TN:
SF:src/controllers/sleep.controller.js
FN:7,(anonymous_0)
FN:55,(anonymous_1)
FN:88,(anonymous_2)
FN:113,(anonymous_3)
FN:122,(anonymous_4)
FN:136,(anonymous_5)
FN:155,(anonymous_6)
FN:166,(anonymous_7)
FN:184,(anonymous_8)
FN:203,(anonymous_9)
FNF:10
FNH:7
FNDA:20,(anonymous_0)
FNDA:4,(anonymous_1)
FNDA:4,(anonymous_2)
FNDA:19,(anonymous_3)
FNDA:0,(anonymous_4)
FNDA:0,(anonymous_5)
FNDA:1,(anonymous_6)
FNDA:2,(anonymous_7)
FNDA:1,(anonymous_8)
FNDA:0,(anonymous_9)
DA:1,5
DA:2,5
DA:3,5
DA:4,5
DA:7,5
DA:8,20
DA:9,20
DA:11,20
DA:12,1
DA:14,19
DA:15,19
DA:16,0
DA:20,20
DA:21,1
DA:24,20
DA:25,0
DA:28,20
DA:29,0
DA:32,20
DA:33,0
DA:36,20
DA:37,1
DA:41,20
DA:42,19
DA:43,19
DA:44,7
DA:51,20
DA:55,5
DA:56,4
DA:57,4
DA:59,4
DA:60,0
DA:63,4
DA:64,0
DA:67,4
DA:68,0
DA:69,0
DA:70,0
DA:74,4
DA:75,0
DA:76,0
DA:77,0
DA:81,4
DA:88,5
DA:89,4
DA:90,4
DA:91,0
DA:94,4
DA:95,4
DA:102,4
DA:113,5
DA:114,19
DA:115,19
DA:116,8
DA:119,11
DA:122,10
DA:123,0
DA:126,10
DA:136,5
DA:137,0
DA:139,0
DA:140,0
DA:143,0
DA:145,0
DA:155,5
DA:156,1
DA:158,1
DA:159,0
DA:163,1
DA:164,1
DA:166,2
DA:167,1
DA:168,0
DA:172,1
DA:174,1
DA:184,5
DA:185,1
DA:187,1
DA:188,0
DA:191,1
DA:193,1
DA:203,5
DA:204,0
DA:207,0
DA:208,0
DA:209,0
DA:210,0
DA:214,0
DA:215,0
DA:216,0
DA:217,0
DA:221,0
DA:226,0
LF:93
LH:60
BRDA:11,0,0,1
BRDA:11,0,1,19
BRDA:15,1,0,0
BRDA:15,1,1,19
BRDA:20,2,0,1
BRDA:20,2,1,19
BRDA:20,3,0,20
BRDA:20,3,1,19
BRDA:20,3,2,19
BRDA:20,3,3,19
BRDA:24,4,0,0
BRDA:24,4,1,20
BRDA:24,5,0,20
BRDA:24,5,1,19
BRDA:24,5,2,19
BRDA:24,5,3,19
BRDA:28,6,0,0
BRDA:28,6,1,20
BRDA:28,7,0,20
BRDA:28,7,1,19
BRDA:28,7,2,19
BRDA:28,7,3,19
BRDA:32,8,0,0
BRDA:32,8,1,20
BRDA:32,9,0,20
BRDA:32,9,1,19
BRDA:32,9,2,19
BRDA:32,9,3,19
BRDA:36,10,0,1
BRDA:36,10,1,19
BRDA:36,11,0,20
BRDA:36,11,1,20
BRDA:36,11,2,20
BRDA:36,11,3,20
BRDA:41,12,0,19
BRDA:41,12,1,1
BRDA:41,13,0,20
BRDA:41,13,1,19
BRDA:41,13,2,0
BRDA:41,13,3,0
BRDA:42,14,0,19
BRDA:42,14,1,0
BRDA:42,15,0,19
BRDA:42,15,1,0
BRDA:42,16,0,19
BRDA:42,16,1,0
BRDA:43,17,0,7
BRDA:43,17,1,12
BRDA:46,18,0,7
BRDA:46,18,1,0
BRDA:46,19,0,7
BRDA:46,19,1,0
BRDA:46,20,0,7
BRDA:46,20,1,0
BRDA:59,21,0,0
BRDA:59,21,1,4
BRDA:59,22,0,4
BRDA:59,22,1,1
BRDA:59,22,2,1
BRDA:63,23,0,0
BRDA:63,23,1,4
BRDA:63,24,0,4
BRDA:63,24,1,1
BRDA:63,24,2,1
BRDA:63,24,3,1
BRDA:67,25,0,0
BRDA:67,25,1,4
BRDA:69,26,0,0
BRDA:69,26,1,0
BRDA:74,27,0,0
BRDA:74,27,1,4
BRDA:76,28,0,0
BRDA:76,28,1,0
BRDA:90,29,0,0
BRDA:90,29,1,4
BRDA:94,30,0,3
BRDA:94,31,0,3
BRDA:98,32,0,4
BRDA:98,32,1,4
BRDA:99,33,0,4
BRDA:99,33,1,4
BRDA:115,34,0,8
BRDA:115,34,1,11
BRDA:139,35,0,0
BRDA:139,35,1,0
BRDA:139,36,0,0
BRDA:139,36,1,0
BRDA:158,37,0,0
BRDA:158,37,1,1
BRDA:158,38,0,1
BRDA:158,38,1,1
BRDA:164,39,0,1
BRDA:164,39,1,0
BRDA:164,40,0,1
BRDA:164,40,1,1
BRDA:167,41,0,0
BRDA:167,41,1,1
BRDA:187,42,0,0
BRDA:187,42,1,1
BRDA:187,43,0,1
BRDA:187,43,1,1
BRDA:207,44,0,0
BRDA:207,44,1,0
BRDA:209,45,0,0
BRDA:209,45,1,0
BRDA:214,46,0,0
BRDA:214,46,1,0
BRDA:216,47,0,0
BRDA:216,47,1,0
BRDA:222,48,0,0
BRDA:222,48,1,0
BRDA:223,49,0,0
BRDA:223,49,1,0
BRF:113
BRH:72
end_of_record
TN:
SF:src/middlewares/auth.middleware.js
FN:4,(anonymous_0)
FNF:1
FNH:1
FNDA:103,(anonymous_0)
DA:1,5
DA:2,5
DA:4,5
DA:5,103
DA:6,103
DA:8,103
DA:9,4
DA:12,99
DA:13,99
DA:14,97
DA:15,97
DA:17,2
LF:12
LH:12
BRDA:5,0,0,103
BRDA:5,0,1,4
BRDA:8,1,0,4
BRDA:8,1,1,99
BRDA:8,2,0,103
BRDA:8,2,1,99
BRF:6
BRH:6
end_of_record
TN:
SF:src/middlewares/error.middleware.js
FN:3,(anonymous_0)
FNF:1
FNH:1
FNDA:33,(anonymous_0)
DA:1,5
DA:3,5
DA:4,33
DA:5,33
DA:8,33
DA:16,33
DA:20,33
LF:7
LH:7
BRDA:4,0,0,33
BRDA:4,0,1,0
BRDA:5,1,0,33
BRDA:5,1,1,0
BRDA:11,2,0,17
BRDA:11,2,1,16
BRDA:16,3,0,0
BRDA:16,3,1,33
BRDA:16,4,0,33
BRDA:16,4,1,0
BRF:10
BRH:6
end_of_record
TN:
SF:src/middlewares/validate.middleware.js
FN:3,(anonymous_0)
FN:3,(anonymous_1)
FNF:2
FNH:2
FNDA:10,(anonymous_0)
FNDA:19,(anonymous_1)
DA:1,5
DA:3,10
DA:4,19
DA:5,19
DA:6,15
LF:5
LH:5
BRDA:5,0,0,4
BRDA:5,0,1,15
BRF:2
BRH:2
end_of_record
TN:
SF:src/routes/activities.js
FNF:0
FNH:0
DA:1,5
DA:2,5
DA:3,5
DA:8,5
DA:13,5
DA:18,5
DA:23,5
DA:28,5
DA:33,5
DA:38,5
DA:40,5
LF:11
LH:11
BRF:0
BRH:0
end_of_record
TN:
SF:src/routes/analytics.js
FNF:0
FNH:0
DA:1,5
DA:2,5
DA:3,5
DA:8,5
DA:15,5
DA:21,5
DA:27,5
DA:33,5
DA:35,5
LF:9
LH:9
BRF:0
BRH:0
end_of_record
TN:
SF:src/routes/anomalies.js
FNF:0
FNH:0
DA:1,5
DA:2,5
DA:3,5
DA:8,5
DA:13,5
DA:18,5
DA:23,5
DA:28,5
DA:30,5
LF:9
LH:9
BRF:0
BRH:0
end_of_record
TN:
SF:src/routes/auth.routes.js
FN:6,(anonymous_0)
FN:16,(anonymous_1)
FNF:2
FNH:2
FNDA:15,(anonymous_0)
FNDA:4,(anonymous_1)
DA:1,5
DA:2,5
DA:3,5
DA:4,5
DA:6,5
DA:7,15
DA:8,15
DA:9,15
DA:10,15
DA:11,1
DA:12,15
DA:13,15
DA:16,5
DA:17,4
DA:18,4
DA:19,4
DA:20,4
DA:21,4
DA:24,5
DA:25,5
DA:26,5
DA:28,5
LF:22
LH:22
BRDA:8,0,0,15
BRDA:8,0,1,0
BRDA:9,1,0,2
BRDA:9,1,1,13
BRDA:9,2,0,15
BRDA:9,2,1,14
BRDA:10,3,0,1
BRDA:10,3,1,14
BRDA:10,4,0,15
BRDA:10,4,1,15
BRDA:10,4,2,15
BRDA:12,5,0,0
BRDA:12,5,1,15
BRDA:12,6,0,15
BRDA:12,6,1,15
BRDA:18,7,0,4
BRDA:18,7,1,0
BRDA:19,8,0,0
BRDA:19,8,1,4
BRDA:19,9,0,4
BRDA:19,9,1,4
BRDA:20,10,0,1
BRDA:20,10,1,3
BRDA:20,11,0,4
BRDA:20,11,1,3
BRF:25
BRH:21
end_of_record
TN:
SF:src/routes/health.routes.js
FN:3,(anonymous_0)
FNF:1
FNH:0
FNDA:0,(anonymous_0)
DA:1,5
DA:3,5
DA:4,0
DA:7,5
LF:4
LH:3
BRF:0
BRH:0
end_of_record
TN:
SF:src/routes/heartRate.js
FNF:0
FNH:0
DA:1,5
DA:2,5
DA:3,5
DA:8,5
DA:13,5
DA:18,5
DA:23,5
DA:28,5
DA:33,5
DA:35,5
LF:10
LH:10
BRF:0
BRH:0
end_of_record
TN:
SF:src/routes/sleep.js
FNF:0
FNH:0
DA:1,5
DA:2,5
DA:3,5
DA:8,5
DA:13,5
DA:18,5
DA:23,5
DA:28,5
DA:33,5
DA:38,5
DA:40,5
LF:11
LH:11
BRF:0
BRH:0
end_of_record
TN:
SF:src/services/activity.service.js
FN:7,createActivity
FN:35,getActivityById
FN:54,getActivities
FN:109,updateActivity
FN:168,deleteActivity
FN:184,getActivityStats
FNF:6
FNH:5
FNDA:20,createActivity
FNDA:2,getActivityById
FNDA:6,getActivities
FNDA:2,updateActivity
FNDA:2,deleteActivity
FNDA:0,getActivityStats
DA:1,5
DA:2,5
DA:8,20
DA:9,0
DA:12,20
DA:18,20
DA:36,2
DA:44,2
DA:45,2
DA:48,0
DA:55,6
DA:58,6
DA:59,6
DA:61,6
DA:62,1
DA:63,1
DA:66,6
DA:67,0
DA:68,0
DA:71,6
DA:72,0
DA:73,0
DA:77,6
DA:87,6
DA:92,6
DA:93,6
DA:95,6
DA:111,2
DA:116,2
DA:117,1
DA:121,1
DA:122,1
DA:123,1
DA:125,1
DA:126,8
DA:127,3
DA:134,3
DA:135,3
DA:139,1
DA:140,0
DA:143,1
DA:145,1
DA:150,1
DA:151,0
DA:155,1
DA:162,1
DA:169,2
DA:174,2
DA:175,1
DA:178,1
DA:185,0
DA:186,0
DA:188,0
DA:189,0
DA:190,0
DA:193,0
DA:194,0
DA:195,0
DA:199,0
DA:214,0
DA:229,0
DA:236,5
LF:62
LH:43
BRDA:8,0,0,0
BRDA:8,0,1,20
BRDA:8,1,0,20
BRDA:8,1,1,20
BRDA:15,2,0,20
BRDA:15,2,1,0
BRDA:15,3,0,20
BRDA:15,3,1,0
BRDA:15,4,0,20
BRDA:15,4,1,20
BRDA:15,5,0,20
BRDA:15,5,1,20
BRDA:15,6,0,20
BRDA:15,6,1,20
BRDA:15,7,0,20
BRDA:15,7,1,20
BRDA:23,8,0,20
BRDA:23,8,1,0
BRDA:24,9,0,20
BRDA:24,9,1,0
BRDA:25,10,0,20
BRDA:25,10,1,20
BRDA:26,11,0,20
BRDA:26,11,1,20
BRDA:27,12,0,20
BRDA:27,12,1,20
BRDA:28,13,0,20
BRDA:28,13,1,20
BRDA:44,14,0,2
BRDA:44,14,1,0
BRDA:54,15,0,0
BRDA:54,16,0,0
BRDA:61,17,0,1
BRDA:61,17,1,5
BRDA:66,18,0,0
BRDA:66,18,1,6
BRDA:71,19,0,0
BRDA:71,19,1,6
BRDA:116,20,0,1
BRDA:116,20,1,1
BRDA:126,21,0,3
BRDA:126,21,1,5
BRDA:127,22,0,1
BRDA:127,22,1,2
BRDA:128,23,0,1
BRDA:128,23,1,1
BRDA:129,24,0,0
BRDA:129,24,1,1
BRDA:130,25,0,1
BRDA:130,25,1,0
BRDA:131,26,0,0
BRDA:131,26,1,0
BRDA:132,27,0,0
BRDA:132,27,1,0
BRDA:139,28,0,0
BRDA:139,28,1,1
BRDA:150,29,0,0
BRDA:150,29,1,1
BRDA:174,30,0,1
BRDA:174,30,1,1
BRDA:184,31,0,0
BRDA:188,32,0,0
BRDA:188,32,1,0
BRDA:193,33,0,0
BRDA:193,33,1,0
BRDA:232,34,0,0
BRDA:232,34,1,0
BRDA:232,35,0,0
BRDA:232,35,1,0
BRF:69
BRH:42
end_of_record
TN:
SF:src/services/analytics.service.js
FN:8,calculateLinearRegression
FN:46,calculateStdDev
FN:48,(anonymous_2)
FN:49,(anonymous_3)
FN:56,calculatePearsonCorrelation
FN:62,(anonymous_5)
FN:63,(anonymous_6)
FN:100,getTrendData
FN:157,(anonymous_8)
FN:169,getTrends
FN:190,(anonymous_10)
FN:202,getPredictions
FN:221,(anonymous_12)
FN:262,getSleepHeartRateCorrelation
FN:312,getActivitySleepCorrelation
FN:363,getCorrelations
FN:386,getWeeklySummary
FN:457,(anonymous_17)
FNF:18
FNH:0
FNDA:0,calculateLinearRegression
FNDA:0,calculateStdDev
FNDA:0,(anonymous_2)
FNDA:0,(anonymous_3)
FNDA:0,calculatePearsonCorrelation
FNDA:0,(anonymous_5)
FNDA:0,(anonymous_6)
FNDA:0,getTrendData
FNDA:0,(anonymous_8)
FNDA:0,getTrends
FNDA:0,(anonymous_10)
FNDA:0,getPredictions
FNDA:0,(anonymous_12)
FNDA:0,getSleepHeartRateCorrelation
FNDA:0,getActivitySleepCorrelation
FNDA:0,getCorrelations
FNDA:0,getWeeklySummary
FNDA:0,(anonymous_17)
DA:1,5
DA:2,5
DA:9,0
DA:10,0
DA:13,0
DA:14,0
DA:16,0
DA:17,0
DA:18,0
DA:19,0
DA:20,0
DA:21,0
DA:22,0
DA:23,0
DA:26,0
DA:27,0
DA:30,0
DA:31,0
DA:32,0
DA:33,0
DA:34,0
DA:35,0
DA:38,0
DA:40,0
DA:47,0
DA:48,0
DA:49,0
DA:50,0
DA:57,0
DA:58,0
DA:61,0
DA:62,0
DA:63,0
DA:65,0
DA:66,0
DA:67,0
DA:68,0
DA:69,0
DA:72,0
DA:73,0
DA:75,0
DA:77,0
DA:78,0
DA:79,0
DA:80,0
DA:81,0
DA:82,0
DA:83,0
DA:85,0
DA:88,0
DA:89,0
DA:90,0
DA:91,0
DA:94,0
DA:103,0
DA:104,0
DA:105,0
DA:107,0
DA:108,0
DA:116,0
DA:117,0
DA:118,0
DA:127,0
DA:128,0
DA:129,0
DA:138,0
DA:139,0
DA:140,0
DA:149,0
DA:151,0
DA:154,0
DA:157,0
DA:163,0
DA:170,0
DA:171,0
DA:174,0
DA:176,0
DA:177,0
DA:185,0
DA:187,0
DA:190,0
DA:203,0
DA:205,0
DA:207,0
DA:208,0
DA:209,0
DA:211,0
DA:212,0
DA:217,0
DA:220,0
DA:221,0
DA:222,0
DA:225,0
DA:226,0
DA:227,0
DA:230,0
DA:231,0
DA:232,0
DA:233,0
DA:234,0
DA:237,0
DA:251,0
DA:252,0
DA:256,0
DA:264,0
DA:276,0
DA:277,0
DA:281,0
DA:282,0
DA:284,0
DA:285,0
DA:286,0
DA:289,0
DA:296,0
DA:297,0
DA:298,0
DA:302,0
DA:303,0
DA:306,0
DA:314,0
DA:327,0
DA:328,0
DA:331,0
DA:332,0
DA:334,0
DA:335,0
DA:336,0
DA:339,0
DA:346,0
DA:347,0
DA:348,0
DA:349,0
DA:353,0
DA:354,0
DA:357,0
DA:364,0
DA:369,0
DA:387,0
DA:388,0
DA:389,0
DA:391,0
DA:392,0
DA:394,0
DA:395,0
DA:396,0
DA:399,0
DA:410,0
DA:421,0
DA:431,0
DA:441,0
DA:449,0
DA:457,0
DA:458,0
DA:459,0
DA:462,0
DA:463,0
DA:464,0
DA:466,0
DA:467,0
DA:468,0
DA:470,0
DA:471,0
DA:472,0
DA:474,0
DA:475,0
DA:476,0
DA:478,0
DA:523,5
LF:168
LH:3
BRDA:9,0,0,0
BRDA:9,0,1,0
BRDA:10,1,0,0
BRDA:10,1,1,0
BRDA:38,2,0,0
BRDA:38,2,1,0
BRDA:47,3,0,0
BRDA:47,3,1,0
BRDA:57,4,0,0
BRDA:57,4,1,0
BRDA:57,5,0,0
BRDA:57,5,1,0
BRDA:73,6,0,0
BRDA:73,6,1,0
BRDA:78,7,0,0
BRDA:78,7,1,0
BRDA:80,8,0,0
BRDA:80,8,1,0
BRDA:82,9,0,0
BRDA:82,9,1,0
BRDA:88,10,0,0
BRDA:88,10,1,0
BRDA:90,11,0,0
BRDA:90,11,1,0
BRDA:107,12,0,0
BRDA:107,12,1,0
BRDA:117,13,0,0
BRDA:117,13,1,0
BRDA:128,14,0,0
BRDA:128,14,1,0
BRDA:139,15,0,0
BRDA:139,15,1,0
BRDA:159,16,0,0
BRDA:159,16,1,0
BRDA:170,17,0,0
BRDA:170,17,1,0
BRDA:176,18,0,0
BRDA:176,18,1,0
BRDA:211,19,0,0
BRDA:211,19,1,0
BRDA:231,20,0,0
BRDA:231,20,1,0
BRDA:233,21,0,0
BRDA:233,21,1,0
BRDA:276,22,0,0
BRDA:276,22,1,0
BRDA:296,23,0,0
BRDA:296,23,1,0
BRDA:302,24,0,0
BRDA:302,24,1,0
BRDA:327,25,0,0
BRDA:327,25,1,0
BRDA:346,26,0,0
BRDA:346,26,1,0
BRDA:347,27,0,0
BRDA:347,27,1,0
BRDA:347,28,0,0
BRDA:347,28,1,0
BRDA:353,29,0,0
BRDA:353,29,1,0
BRDA:388,30,0,0
BRDA:388,30,1,0
BRDA:458,31,0,0
BRDA:458,31,1,0
BRDA:458,32,0,0
BRDA:458,32,1,0
BRDA:462,33,0,0
BRDA:462,33,1,0
BRDA:463,34,0,0
BRDA:463,34,1,0
BRDA:466,35,0,0
BRDA:466,35,1,0
BRDA:467,36,0,0
BRDA:467,36,1,0
BRDA:470,37,0,0
BRDA:470,37,1,0
BRDA:471,38,0,0
BRDA:471,38,1,0
BRDA:474,39,0,0
BRDA:474,39,1,0
BRDA:475,40,0,0
BRDA:475,40,1,0
BRDA:486,41,0,0
BRDA:486,41,1,0
BRDA:487,42,0,0
BRDA:487,42,1,0
BRDA:491,43,0,0
BRDA:491,43,1,0
BRDA:492,44,0,0
BRDA:492,44,1,0
BRDA:495,45,0,0
BRDA:495,45,1,0
BRDA:495,46,0,0
BRDA:495,46,1,0
BRDA:508,47,0,0
BRDA:508,47,1,0
BRDA:508,48,0,0
BRDA:508,48,1,0
BRDA:518,49,0,0
BRDA:518,49,1,0
BRDA:518,50,0,0
BRDA:518,50,1,0
BRF:102
BRH:0
end_of_record
TN:
SF:src/services/anomalyDetector.js
FN:7,insertAnomalyIfNew
FN:39,detectHeartRateAnomalies
FN:126,detectSleepAnomalies
FN:233,detectActivityAnomalies
FN:248,(anonymous_4)
FN:309,runFullDetection
FNF:6
FNH:6
FNDA:4,insertAnomalyIfNew
FNDA:57,detectHeartRateAnomalies
FNDA:57,detectSleepAnomalies
FNDA:57,detectActivityAnomalies
FNDA:21,(anonymous_4)
FNDA:55,runFullDetection
DA:1,5
DA:2,5
DA:8,4
DA:10,4
DA:18,4
DA:19,0
DA:23,4
DA:29,4
DA:31,0
DA:32,0
DA:40,57
DA:42,57
DA:44,57
DA:52,57
DA:53,2
DA:60,2
DA:64,57
DA:72,57
DA:73,0
DA:80,0
DA:84,57
DA:92,57
DA:93,132
DA:94,132
DA:95,132
DA:97,132
DA:99,0
DA:100,0
DA:102,0
DA:109,0
DA:110,0
DA:111,0
DA:117,0
DA:120,57
DA:127,57
DA:129,57
DA:131,57
DA:139,57
DA:140,29
DA:141,29
DA:142,29
DA:145,29
DA:146,29
DA:147,29
DA:149,29
DA:150,29
DA:152,29
DA:154,4
DA:155,1
DA:162,1
DA:163,1
DA:164,1
DA:171,57
DA:172,15
DA:173,15
DA:175,15
DA:176,15
DA:177,0
DA:179,15
DA:183,15
DA:184,0
DA:191,0
DA:192,0
DA:193,0
DA:199,57
DA:207,57
DA:208,11
DA:209,11
DA:210,11
DA:211,11
DA:212,0
DA:219,0
DA:224,0
DA:227,57
DA:234,57
DA:236,57
DA:238,57
DA:247,57
DA:248,21
DA:249,21
DA:250,21
DA:252,21
DA:253,21
DA:254,21
DA:255,20
DA:257,1
DA:259,21
DA:263,21
DA:264,21
DA:265,21
DA:267,21
DA:268,1
DA:275,1
DA:281,57
DA:289,57
DA:290,0
DA:297,0
DA:300,0
DA:303,57
DA:310,55
DA:312,55
DA:314,55
DA:315,55
DA:316,55
DA:318,55
DA:319,55
DA:321,55
DA:322,55
DA:324,55
DA:325,1
DA:328,55
DA:330,0
DA:331,0
DA:335,5
LF:114
LH:89
BRDA:7,0,0,0
BRDA:18,1,0,0
BRDA:18,1,1,4
BRDA:52,2,0,2
BRDA:52,2,1,55
BRDA:60,3,0,2
BRDA:60,3,1,0
BRDA:72,4,0,0
BRDA:72,4,1,57
BRDA:80,5,0,0
BRDA:80,5,1,0
BRDA:97,6,0,0
BRDA:97,6,1,132
BRDA:100,7,0,0
BRDA:100,7,1,0
BRDA:109,8,0,0
BRDA:109,8,1,0
BRDA:152,9,0,4
BRDA:152,9,1,25
BRDA:152,10,0,29
BRDA:152,10,1,11
BRDA:154,11,0,1
BRDA:154,11,1,3
BRDA:154,12,0,4
BRDA:154,12,1,1
BRDA:154,12,2,1
BRDA:162,13,0,1
BRDA:162,13,1,0
BRDA:175,14,0,15
BRDA:175,14,1,15
BRDA:176,15,0,0
BRDA:176,15,1,15
BRDA:176,16,0,15
BRDA:176,16,1,15
BRDA:183,17,0,0
BRDA:183,17,1,15
BRDA:191,18,0,0
BRDA:191,18,1,0
BRDA:207,19,0,11
BRDA:207,19,1,46
BRDA:209,20,0,11
BRDA:209,20,1,0
BRDA:209,21,0,11
BRDA:209,21,1,11
BRDA:211,22,0,0
BRDA:211,22,1,11
BRDA:219,23,0,0
BRDA:219,23,1,0
BRDA:247,24,0,21
BRDA:247,24,1,36
BRDA:254,25,0,20
BRDA:254,25,1,1
BRDA:263,26,0,21
BRDA:263,26,1,0
BRDA:267,27,0,1
BRDA:267,27,1,20
BRDA:275,28,0,1
BRDA:275,28,1,0
BRDA:289,29,0,0
BRDA:289,29,1,57
BRDA:297,30,0,0
BRDA:297,30,1,0
BRDA:324,31,0,1
BRDA:324,31,1,54
BRF:64
BRH:39
end_of_record
TN:
SF:src/services/auth.service.js
FN:6,signup
FN:40,login
FN:63,me
FNF:3
FNH:3
FNDA:12,signup
FNDA:3,login
FNDA:1,me
DA:1,5
DA:2,5
DA:3,5
DA:4,5
DA:7,12
DA:8,12
DA:9,0
DA:12,12
DA:13,12
DA:15,11
DA:17,11
DA:25,11
DA:28,11
DA:41,3
DA:43,3
DA:44,3
DA:46,1
DA:47,1
DA:49,1
DA:51,1
DA:65,1
DA:67,1
DA:68,1
DA:70,1
DA:82,5
LF:25
LH:24
BRDA:7,0,0,12
BRDA:7,0,1,12
BRDA:8,1,0,0
BRDA:8,1,1,12
BRDA:8,2,0,12
BRDA:8,2,1,12
BRDA:8,2,2,12
BRDA:13,3,0,1
BRDA:13,3,1,11
BRDA:41,4,0,0
BRDA:41,4,1,3
BRDA:41,5,0,3
BRDA:41,5,1,3
BRDA:44,6,0,2
BRDA:44,6,1,1
BRDA:47,7,0,0
BRDA:47,7,1,1
BRDA:65,8,0,0
BRDA:65,8,1,1
BRDA:68,9,0,0
BRDA:68,9,1,1
BRF:21
BRH:16
end_of_record
TN:
SF:src/services/heart-rate.service.js
FN:7,createHeartRateRecord
FN:30,getHeartRateRecordById
FN:49,getHeartRateRecords
FN:104,batchInsertHeartRateRecords
FN:115,(anonymous_4)
FN:201,deleteHeartRateRecord
FN:217,getHeartRateStats
FNF:7
FNH:6
FNDA:23,createHeartRateRecord
FNDA:0,getHeartRateRecordById
FNDA:6,getHeartRateRecords
FNDA:3,batchInsertHeartRateRecords
FNDA:5,(anonymous_4)
FNDA:2,deleteHeartRateRecord
FNDA:1,getHeartRateStats
DA:1,5
DA:2,5
DA:8,23
DA:9,0
DA:12,23
DA:18,23
DA:31,0
DA:39,0
DA:40,0
DA:43,0
DA:50,6
DA:53,6
DA:54,6
DA:56,6
DA:57,1
DA:58,1
DA:61,6
DA:62,0
DA:63,0
DA:66,6
DA:67,0
DA:68,0
DA:72,6
DA:82,6
DA:87,6
DA:88,6
DA:90,6
DA:105,3
DA:106,0
DA:109,3
DA:110,1
DA:114,2
DA:115,2
DA:116,5
DA:117,0
DA:123,5
DA:124,1
DA:130,5
DA:131,0
DA:137,5
DA:138,5
DA:139,0
DA:145,5
DA:146,0
DA:154,2
DA:155,1
DA:159,1
DA:160,1
DA:161,1
DA:163,1
DA:164,1
DA:165,3
DA:176,3
DA:185,1
DA:186,1
DA:191,0
DA:192,0
DA:194,1
DA:202,2
DA:207,2
DA:208,1
DA:211,1
DA:218,1
DA:219,1
DA:221,1
DA:222,0
DA:223,0
DA:226,1
DA:227,0
DA:228,0
DA:232,1
DA:248,1
DA:261,1
DA:262,1
DA:263,1
DA:265,1
DA:266,1
DA:268,1
DA:269,0
DA:270,0
DA:273,1
DA:287,1
DA:298,5
LF:83
LH:61
BRDA:8,0,0,0
BRDA:8,0,1,23
BRDA:8,1,0,23
BRDA:8,1,1,23
BRDA:15,2,0,23
BRDA:15,2,1,0
BRDA:23,3,0,23
BRDA:23,3,1,0
BRDA:39,4,0,0
BRDA:39,4,1,0
BRDA:49,5,0,0
BRDA:49,6,0,0
BRDA:56,7,0,1
BRDA:56,7,1,5
BRDA:61,8,0,0
BRDA:61,8,1,6
BRDA:66,9,0,0
BRDA:66,9,1,6
BRDA:105,10,0,0
BRDA:105,10,1,3
BRDA:105,11,0,3
BRDA:105,11,1,3
BRDA:109,12,0,1
BRDA:109,12,1,2
BRDA:116,13,0,0
BRDA:116,13,1,5
BRDA:116,14,0,5
BRDA:116,14,1,5
BRDA:123,15,0,1
BRDA:123,15,1,4
BRDA:123,16,0,5
BRDA:123,16,1,5
BRDA:123,16,2,5
BRDA:130,17,0,0
BRDA:130,17,1,5
BRDA:130,18,0,5
BRDA:130,18,1,0
BRDA:138,19,0,0
BRDA:138,19,1,5
BRDA:145,20,0,0
BRDA:145,20,1,5
BRDA:154,21,0,1
BRDA:154,21,1,1
BRDA:172,22,0,3
BRDA:172,22,1,3
BRDA:181,23,0,3
BRDA:181,23,1,3
BRDA:207,24,0,1
BRDA:207,24,1,1
BRDA:217,25,0,0
BRDA:221,26,0,0
BRDA:221,26,1,1
BRDA:226,27,0,0
BRDA:226,27,1,1
BRDA:268,28,0,0
BRDA:268,28,1,1
BRDA:294,29,0,1
BRDA:294,29,1,1
BRDA:294,30,0,1
BRDA:294,30,1,1
BRF:60
BRH:41
end_of_record
TN:
SF:src/services/sleep.service.js
FN:7,createSleepRecord
FN:52,getSleepRecordById
FN:71,getSleepRecords
FN:121,updateSleepRecord
FN:206,deleteSleepRecord
FN:222,getSleepStats
FNF:6
FNH:4
FNDA:11,createSleepRecord
FNDA:0,getSleepRecordById
FNDA:4,getSleepRecords
FNDA:1,updateSleepRecord
FNDA:1,deleteSleepRecord
FNDA:0,getSleepStats
DA:1,5
DA:2,5
DA:8,11
DA:9,0
DA:13,11
DA:14,11
DA:15,0
DA:21,11
DA:26,11
DA:27,1
DA:30,10
DA:36,10
DA:53,0
DA:61,0
DA:62,0
DA:65,0
DA:72,4
DA:75,4
DA:76,4
DA:78,4
DA:79,0
DA:80,0
DA:83,4
DA:84,0
DA:85,0
DA:89,4
DA:99,4
DA:104,4
DA:105,4
DA:107,4
DA:123,1
DA:128,1
DA:129,0
DA:133,1
DA:134,0
DA:139,0
DA:140,0
DA:145,1
DA:146,0
DA:147,0
DA:148,0
DA:149,0
DA:150,0
DA:152,0
DA:153,0
DA:154,0
DA:159,1
DA:160,1
DA:161,1
DA:163,1
DA:164,7
DA:165,1
DA:172,1
DA:173,1
DA:177,1
DA:178,0
DA:181,1
DA:183,1
DA:188,1
DA:189,0
DA:193,1
DA:200,1
DA:207,1
DA:212,1
DA:213,0
DA:216,1
DA:223,0
DA:224,0
DA:226,0
DA:227,0
DA:228,0
DA:231,0
DA:232,0
DA:233,0
DA:237,0
DA:255,0
DA:256,0
DA:257,0
DA:259,0
DA:260,0
DA:262,0
DA:263,0
DA:264,0
DA:267,0
DA:281,0
DA:291,5
LF:86
LH:42
BRDA:8,0,0,0
BRDA:8,0,1,11
BRDA:8,1,0,11
BRDA:8,1,1,11
BRDA:13,2,0,11
BRDA:13,2,1,0
BRDA:13,3,0,11
BRDA:13,3,1,0
BRDA:13,4,0,11
BRDA:13,4,1,0
BRDA:14,5,0,0
BRDA:14,5,1,11
BRDA:16,6,0,0
BRDA:16,6,1,0
BRDA:16,7,0,0
BRDA:16,7,1,0
BRDA:16,8,0,0
BRDA:16,8,1,0
BRDA:26,9,0,1
BRDA:26,9,1,10
BRDA:33,10,0,10
BRDA:33,10,1,0
BRDA:33,11,0,10
BRDA:33,11,1,0
BRDA:33,12,0,10
BRDA:33,12,1,0
BRDA:33,13,0,10
BRDA:33,13,1,0
BRDA:33,14,0,10
BRDA:33,14,1,10
BRDA:41,15,0,10
BRDA:41,15,1,0
BRDA:42,16,0,10
BRDA:42,16,1,0
BRDA:43,17,0,10
BRDA:43,17,1,0
BRDA:44,18,0,10
BRDA:44,18,1,0
BRDA:45,19,0,10
BRDA:45,19,1,10
BRDA:61,20,0,0
BRDA:61,20,1,0
BRDA:71,21,0,0
BRDA:71,22,0,0
BRDA:78,23,0,0
BRDA:78,23,1,4
BRDA:83,24,0,0
BRDA:83,24,1,4
BRDA:128,25,0,0
BRDA:128,25,1,1
BRDA:133,26,0,0
BRDA:133,26,1,1
BRDA:133,27,0,1
BRDA:133,27,1,0
BRDA:139,28,0,0
BRDA:139,28,1,0
BRDA:145,29,0,0
BRDA:145,29,1,1
BRDA:145,30,0,1
BRDA:145,30,1,1
BRDA:145,30,2,1
BRDA:145,30,3,1
BRDA:147,31,0,0
BRDA:147,31,1,0
BRDA:148,32,0,0
BRDA:148,32,1,0
BRDA:148,32,2,0
BRDA:149,33,0,0
BRDA:149,33,1,0
BRDA:149,33,2,0
BRDA:150,34,0,0
BRDA:150,34,1,0
BRDA:150,34,2,0
BRDA:153,35,0,0
BRDA:153,35,1,0
BRDA:164,36,0,1
BRDA:164,36,1,6
BRDA:165,37,0,0
BRDA:165,37,1,1
BRDA:166,38,0,0
BRDA:166,38,1,1
BRDA:167,39,0,0
BRDA:167,39,1,1
BRDA:168,40,0,0
BRDA:168,40,1,1
BRDA:169,41,0,0
BRDA:169,41,1,1
BRDA:170,42,0,1
BRDA:170,42,1,0
BRDA:177,43,0,0
BRDA:177,43,1,1
BRDA:188,44,0,0
BRDA:188,44,1,1
BRDA:212,45,0,0
BRDA:212,45,1,1
BRDA:222,46,0,0
BRDA:226,47,0,0
BRDA:226,47,1,0
BRDA:231,48,0,0
BRDA:231,48,1,0
BRDA:262,49,0,0
BRDA:262,49,1,0
BRDA:287,50,0,0
BRDA:287,50,1,0
BRDA:287,51,0,0
BRDA:287,51,1,0
BRF:106
BRH:42
end_of_record
TN:
SF:src/services/token.service.js
FN:4,signAccessToken
FN:8,verifyAccessToken
FNF:2
FNH:2
FNDA:12,signAccessToken
FNDA:99,verifyAccessToken
DA:1,5
DA:2,5
DA:5,12
DA:9,99
DA:12,5
LF:5
LH:5
BRF:0
BRH:0
end_of_record
TN:
SF:src/services/user.service.js
FN:3,findUserByEmail
FN:14,findUserById
FN:25,createUser
FNF:3
FNH:3
FNDA:15,findUserByEmail
FNDA:1,findUserById
FNDA:11,createUser
DA:1,5
DA:4,15
DA:11,15
DA:15,1
DA:22,1
DA:26,11
DA:32,11
DA:41,5
LF:8
LH:8
BRDA:11,0,0,15
BRDA:11,0,1,13
BRDA:22,1,0,1
BRDA:22,1,1,0
BRDA:29,2,0,11
BRDA:29,2,1,11
BRDA:29,3,0,11
BRDA:29,3,1,11
BRDA:36,4,0,11
BRDA:36,4,1,11
BRDA:37,5,0,11
BRDA:37,5,1,11
BRF:12
BRH:11
end_of_record
TN:
SF:src/utils/ApiError.js
FN:2,(anonymous_0)
FNF:1
FNH:1
FNDA:33,(anonymous_0)
DA:3,33
DA:4,33
DA:5,33
DA:8,5
LF:4
LH:4
BRDA:2,0,0,16
BRF:1
BRH:1
end_of_record
TN:
SF:src/utils/asyncHandler.js
FN:1,(anonymous_0)
FN:1,(anonymous_1)
FNF:2
FNH:2
FNDA:140,(anonymous_0)
FNDA:112,(anonymous_1)
DA:1,140
DA:2,112
LF:2
LH:2
BRF:0
BRH:0
end_of_record
TN:
SF:src/utils/response.js
FNF:0
FNH:0
LF:0
LH:0
BRF:0
BRH:0
end_of_record
